<?xml version='1.0' encoding='utf-8'?>
<!DOCTYPE coverage SYSTEM 'http://cobertura.sourceforge.net/xml/coverage-04.dtd'>
<coverage line-rate="0.8953826283500161" branch-rate="0.5956314757770933" lines-covered="2773" lines-valid="3097" branches-covered="2127" branches-valid="3571" complexity="0.0" timestamp="1789057069" version="gcovr 8.6"><sources><source>/home/runner/work/library/library</source></sources><packages><package name="bbst" line-rate="1.0" branch-rate="1.0" complexity="0.0"><classes><class name="lazy_red_black_tree_hpp" filename="bbst/lazy_red_black_tree.hpp" line-rate="1.0" branch-rate="1.0" complexity="0.0"><methods/><lines/></class><class name="persistent_lazy_red_black_tree_hpp" filename="bbst/persistent_lazy_red_black_tree.hpp" line-rate="1.0" branch-rate="1.0" complexity="0.0"><methods/><lines/></class><class name="red_black_tree_hpp" filename="bbst/red_black_tree.hpp" line-rate="1.0" branch-rate="1.0" complexity="0.0"><methods/><lines/></class><class name="splay_tree_hpp" filename="bbst/splay_tree.hpp" line-rate="1.0" branch-rate="1.0" complexity="0.0"><methods/><lines/></class></classes></package><package name="bbst.base" line-rate="1.0" branch-rate="1.0" complexity="0.0"><classes><class name="lazy_red_black_tree_node_hpp" filename="bbst/base/lazy_red_black_tree_node.hpp" line-rate="1.0" branch-rate="1.0" complexity="0.0"><methods/><lines/></class><class name="red_black_tree_base_hpp" filename="bbst/base/red_black_tree_base.hpp" line-rate="1.0" branch-rate="1.0" complexity="0.0"><methods/><lines/></class><class name="red_black_tree_node_hpp" filename="bbst/base/red_black_tree_node.hpp" line-rate="1.0" branch-rate="1.0" complexity="0.0"><methods/><lines/></class></classes></package><package name="bigint" line-rate="1.0" branch-rate="1.0" complexity="0.0"><classes><class name="int256_hpp" filename="bigint/int256.hpp" line-rate="1.0" branch-rate="1.0" complexity="0.0"><methods/><lines/></class></classes></package><package name="bit" line-rate="1.0" branch-rate="0.5" complexity="0.0"><classes><class name="bitcount_hpp" filename="bit/bitcount.hpp" line-rate="1.0" branch-rate="0.5" complexity="0.0"><methods><method name="int kk2::clz&lt;long long&gt;" signature="(long long)" line-rate="1.0" branch-rate="0.5" complexity="0.0"><lines><line number="30" hits="200" branch="false"/><line number="31" hits="200" branch="true" condition-coverage="50% (1/2)"><conditions><condition number="0" type="jump" coverage="50%"/></conditions></line><line number="36" hits="200" branch="false"/></lines></method><method name="int kk2::msb&lt;long long&gt;" signature="(long long)" line-rate="1.0" branch-rate="0.5" complexity="0.0"><lines><line number="43" hits="200" branch="false"/><line number="44" hits="200" branch="true" condition-coverage="50% (1/2)"><conditions><condition number="0" type="jump" coverage="50%"/></conditions></line><line number="46" hits="200" branch="false"/></lines></method><method name="int kk2::popcount&lt;unsigned long long&gt;" signature="(unsigned long long)" line-rate="1.0" branch-rate="1.0" complexity="0.0"><lines><line number="49" hits="64111831" branch="false"/><line number="54" hits="64111831" branch="false"/></lines></method></methods><lines><line number="30" hits="200" branch="false"/><line number="31" hits="200" branch="true" condition-coverage="50% (1/2)"><conditions><condition number="0" type="jump" coverage="50%"/></conditions></line><line number="36" hits="200" branch="false"/><line number="43" hits="200" branch="false"/><line number="44" hits="200" branch="true" condition-coverage="50% (1/2)"><conditions><condition number="0" type="jump" coverage="50%"/></conditions></line><line number="46" hits="200" branch="false"/><line number="49" hits="64111831" branch="false"/><line number="54" hits="64111831" branch="false"/></lines></class></classes></package><package name="convolution" line-rate="0.8214285714285714" branch-rate="0.5753424657534246" complexity="0.0"><classes><class name="convolution_and_hpp" filename="convolution/convolution_and.hpp" line-rate="1.0" branch-rate="1.0" complexity="0.0"><methods/><lines/></class><class name="convolution_arb_hpp" filename="convolution/convolution_arb.hpp" line-rate="1.0" branch-rate="1.0" complexity="0.0"><methods/><lines/></class><class name="convolution_gcd_hpp" filename="convolution/convolution_gcd.hpp" line-rate="1.0" branch-rate="1.0" complexity="0.0"><methods/><lines/></class><class name="convolution_hpp" filename="convolution/convolution.hpp" line-rate="0.8214285714285714" branch-rate="0.5753424657534246" complexity="0.0"><methods><method name="kk2::FormalPowerSeriesNTTFriendly&lt;kk2::LazyMontgomeryModInt&lt;998244353&gt; &gt; kk2::sparse_convolution&lt;kk2::FormalPowerSeriesNTTFriendly&lt;kk2::LazyMontgomeryModInt&lt;998244353&gt; &gt;, kk2::LazyMontgomeryModInt&lt;998244353&gt; &gt;" signature="(kk2::FormalPowerSeriesNTTFriendly&lt;kk2::LazyMontgomeryModInt&lt;998244353&gt; &gt;&amp;, kk2::FormalPowerSeriesNTTFriendly&lt;kk2::LazyMontgomeryModInt&lt;998244353&gt; &gt; const&amp;)" line-rate="0.6666666666666666" branch-rate="0.3333333333333333" complexity="0.0"><lines><line number="14" hits="4024" branch="false"/><line number="15" hits="4024" branch="false"/><line number="16" hits="4024" branch="true" condition-coverage="50% (2/4)"><conditions><condition number="0" type="jump" coverage="50%"/></conditions></line><line number="17" hits="0" branch="false"/><line number="18" hits="0" branch="true" condition-coverage="0% (0/2)"><conditions><condition number="0" type="jump" coverage="0%"/></conditions></line><line number="20" hits="4024" branch="false"/></lines></method><method name="kk2::FormalPowerSeriesNTTFriendly&lt;kk2::ModInt&lt;1000000007&gt; &gt; kk2::sparse_convolution&lt;kk2::FormalPowerSeriesNTTFriendly&lt;kk2::ModInt&lt;1000000007&gt; &gt;, kk2::ModInt&lt;1000000007&gt; &gt;" signature="(kk2::FormalPowerSeriesNTTFriendly&lt;kk2::ModInt&lt;1000000007&gt; &gt;&amp;, kk2::FormalPowerSeriesNTTFriendly&lt;kk2::ModInt&lt;1000000007&gt; &gt; const&amp;)" line-rate="0.6666666666666666" branch-rate="0.3333333333333333" complexity="0.0"><lines><line number="14" hits="4" branch="false"/><line number="15" hits="4" branch="false"/><line number="16" hits="4" branch="true" condition-coverage="50% (2/4)"><conditions><condition number="0" type="jump" coverage="50%"/></conditions></line><line number="17" hits="0" branch="false"/><line number="18" hits="0" branch="true" condition-coverage="0% (0/2)"><conditions><condition number="0" type="jump" coverage="0%"/></conditions></line><line number="20" hits="4" branch="false"/></lines></method><method name="kk2::sparse_convolution&lt;kk2::FormalPowerSeriesNTTFriendly&lt;kk2::LazyMontgomeryModInt&lt;998244353&gt; &gt;, kk2::LazyMontgomeryModInt&lt;998244353&gt; &gt;(kk2::FormalPowerSeriesNTTFriendly&lt;kk2::LazyMontgomeryModInt&lt;998244353&gt; &gt;&amp;, kk2::FormalPowerSeriesNTTFriendly&lt;kk2::LazyMontgomeryModInt&lt;998244353&gt; &gt; const&amp;)::{lambda(kk2::LazyMontgomeryModInt&lt;998244353&gt; const&amp;)#1}::operator()" signature="(kk2::LazyMontgomeryModInt&lt;998244353&gt; const&amp;) const" line-rate="1.0" branch-rate="0.5" complexity="0.0"><lines><line number="21" hits="125720" branch="true" condition-coverage="50% (3/6)"><conditions><condition number="0" type="jump" coverage="50%"/></conditions></line></lines></method><method name="kk2::sparse_convolution&lt;kk2::FormalPowerSeriesNTTFriendly&lt;kk2::ModInt&lt;1000000007&gt; &gt;, kk2::ModInt&lt;1000000007&gt; &gt;(kk2::FormalPowerSeriesNTTFriendly&lt;kk2::ModInt&lt;1000000007&gt; &gt;&amp;, kk2::FormalPowerSeriesNTTFriendly&lt;kk2::ModInt&lt;1000000007&gt; &gt; const&amp;)::{lambda(kk2::ModInt&lt;1000000007&gt; const&amp;)#1}::operator()" signature="(kk2::ModInt&lt;1000000007&gt; const&amp;) const" line-rate="1.0" branch-rate="0.5" complexity="0.0"><lines><line number="21" hits="19" branch="true" condition-coverage="50% (3/6)"><conditions><condition number="0" type="jump" coverage="50%"/></conditions></line></lines></method><method name="kk2::sparse_convolution&lt;kk2::FormalPowerSeriesNTTFriendly&lt;kk2::LazyMontgomeryModInt&lt;998244353&gt; &gt;, kk2::LazyMontgomeryModInt&lt;998244353&gt; &gt;(kk2::FormalPowerSeriesNTTFriendly&lt;kk2::LazyMontgomeryModInt&lt;998244353&gt; &gt;&amp;, kk2::FormalPowerSeriesNTTFriendly&lt;kk2::LazyMontgomeryModInt&lt;998244353&gt; &gt; const&amp;)::{lambda(kk2::LazyMontgomeryModInt&lt;998244353&gt; const&amp;)#2}::operator()" signature="(kk2::LazyMontgomeryModInt&lt;998244353&gt; const&amp;) const" line-rate="1.0" branch-rate="0.6875" complexity="0.0"><lines><line number="22" hits="125720" branch="true" condition-coverage="50% (3/6)"><conditions><condition number="0" type="jump" coverage="50%"/></conditions></line><line number="23" hits="125720" branch="true" condition-coverage="100% (2/2)"><conditions><condition number="0" type="jump" coverage="100%"/></conditions></line><line number="24" hits="121696" branch="true" condition-coverage="66% (4/6)"><conditions><condition number="0" type="jump" coverage="66%"/></conditions></line><line number="25" hits="125720" branch="true" condition-coverage="100% (2/2)"><conditions><condition number="0" type="jump" coverage="100%"/></conditions></line><line number="26" hits="121696" branch="true" condition-coverage="66% (4/6)"><conditions><condition number="0" type="jump" coverage="66%"/></conditions></line><line number="27" hits="4024" branch="true" condition-coverage="50% (1/2)"><conditions><condition number="0" type="jump" coverage="50%"/></conditions></line><line number="28" hits="42616" branch="true" condition-coverage="100% (2/2)"><conditions><condition number="0" type="jump" coverage="100%"/></conditions></line><line number="29" hits="5964064" branch="true" condition-coverage="100% (2/2)"><conditions><condition number="0" type="jump" coverage="100%"/></conditions></line><line number="30" hits="4024" branch="true" condition-coverage="50% (2/4)"><conditions><condition number="0" type="jump" coverage="50%"/></conditions></line><line number="31" hits="4024" branch="false"/></lines></method><method name="kk2::sparse_convolution&lt;kk2::FormalPowerSeriesNTTFriendly&lt;kk2::ModInt&lt;1000000007&gt; &gt;, kk2::ModInt&lt;1000000007&gt; &gt;(kk2::FormalPowerSeriesNTTFriendly&lt;kk2::ModInt&lt;1000000007&gt; &gt;&amp;, kk2::FormalPowerSeriesNTTFriendly&lt;kk2::ModInt&lt;1000000007&gt; &gt; const&amp;)::{lambda(kk2::ModInt&lt;1000000007&gt; const&amp;)#2}::operator()" signature="(kk2::ModInt&lt;1000000007&gt; const&amp;) const" line-rate="1.0" branch-rate="0.6176470588235294" complexity="0.0"><lines><line number="22" hits="60" branch="true" condition-coverage="50% (3/6)"><conditions><condition number="0" type="jump" coverage="50%"/></conditions></line><line number="23" hits="19" branch="true" condition-coverage="100% (2/2)"><conditions><condition number="0" type="jump" coverage="100%"/></conditions></line><line number="24" hits="15" branch="true" condition-coverage="50% (3/6)"><conditions><condition number="0" type="jump" coverage="50%"/></conditions></line><line number="25" hits="60" branch="true" condition-coverage="100% (2/2)"><conditions><condition number="0" type="jump" coverage="100%"/></conditions></line><line number="26" hits="56" branch="true" condition-coverage="50% (3/6)"><conditions><condition number="0" type="jump" coverage="50%"/></conditions></line><line number="27" hits="4" branch="true" condition-coverage="50% (1/2)"><conditions><condition number="0" type="jump" coverage="50%"/></conditions></line><line number="28" hits="19" branch="true" condition-coverage="100% (2/2)"><conditions><condition number="0" type="jump" coverage="100%"/></conditions></line><line number="29" hits="340" branch="true" condition-coverage="75% (3/4)"><conditions><condition number="0" type="jump" coverage="75%"/></conditions></line><line number="30" hits="4" branch="true" condition-coverage="50% (2/4)"><conditions><condition number="0" type="jump" coverage="50%"/></conditions></line><line number="31" hits="4" branch="false"/></lines></method><method name="kk2::FormalPowerSeriesNTTFriendly&lt;kk2::LazyMontgomeryModInt&lt;998244353&gt; &gt; kk2::dense_convolution&lt;kk2::FormalPowerSeriesNTTFriendly&lt;kk2::LazyMontgomeryModInt&lt;998244353&gt; &gt; &gt;" signature="(kk2::FormalPowerSeriesNTTFriendly&lt;kk2::LazyMontgomeryModInt&lt;998244353&gt; &gt;&amp;, kk2::FormalPowerSeriesNTTFriendly&lt;kk2::LazyMontgomeryModInt&lt;998244353&gt; &gt; const&amp;)" line-rate="0.7619047619047619" branch-rate="0.5454545454545454" complexity="0.0"><lines><line number="33" hits="38346" branch="false"/><line number="34" hits="38346" branch="false"/><line number="35" hits="38346" branch="true" condition-coverage="50% (2/4)"><conditions><condition number="0" type="jump" coverage="50%"/></conditions></line><line number="36" hits="0" branch="false"/><line number="37" hits="0" branch="false"/><line number="40" hits="38346" branch="false"/><line number="41" hits="219000" branch="true" condition-coverage="100% (2/2)"><conditions><condition number="0" type="jump" coverage="100%"/></conditions></line><line number="42" hits="38346" branch="true" condition-coverage="50% (1/2)"><conditions><condition number="0" type="jump" coverage="50%"/></conditions></line><line number="43" hits="0" branch="false"/><line number="44" hits="0" branch="false"/><line number="45" hits="0" branch="true" condition-coverage="0% (0/2)"><conditions><condition number="0" type="jump" coverage="0%"/></conditions></line><line number="47" hits="38346" branch="true" condition-coverage="50% (1/2)"><conditions><condition number="0" type="jump" coverage="50%"/></conditions></line><line number="48" hits="38346" branch="true" condition-coverage="50% (1/2)"><conditions><condition number="0" type="jump" coverage="50%"/></conditions></line><line number="49" hits="38346" branch="true" condition-coverage="50% (1/2)"><conditions><condition number="0" type="jump" coverage="50%"/></conditions></line><line number="50" hits="38346" branch="true" condition-coverage="50% (1/2)"><conditions><condition number="0" type="jump" coverage="50%"/></conditions></line><line number="51" hits="38346" branch="true" condition-coverage="50% (1/2)"><conditions><condition number="0" type="jump" coverage="50%"/></conditions></line><line number="52" hits="1736426" branch="true" condition-coverage="100% (2/2)"><conditions><condition number="0" type="jump" coverage="100%"/></conditions></line><line number="53" hits="38346" branch="false"/><line number="54" hits="38346" branch="false"/><line number="55" hits="38346" branch="false"/><line number="56" hits="38346" branch="false"/></lines></method><method name="kk2::FormalPowerSeriesNTTFriendly&lt;kk2::ModInt&lt;1000000007&gt; &gt; kk2::dense_convolution&lt;kk2::FormalPowerSeriesNTTFriendly&lt;kk2::ModInt&lt;1000000007&gt; &gt; &gt;" signature="(kk2::FormalPowerSeriesNTTFriendly&lt;kk2::ModInt&lt;1000000007&gt; &gt;&amp;, kk2::FormalPowerSeriesNTTFriendly&lt;kk2::ModInt&lt;1000000007&gt; &gt; const&amp;)" line-rate="0.7619047619047619" branch-rate="0.5454545454545454" complexity="0.0"><lines><line number="33" hits="6" branch="false"/><line number="34" hits="6" branch="false"/><line number="35" hits="6" branch="true" condition-coverage="50% (2/4)"><conditions><condition number="0" type="jump" coverage="50%"/></conditions></line><line number="36" hits="0" branch="false"/><line number="37" hits="0" branch="false"/><line number="40" hits="6" branch="false"/><line number="41" hits="72" branch="true" condition-coverage="100% (2/2)"><conditions><condition number="0" type="jump" coverage="100%"/></conditions></line><line number="42" hits="6" branch="true" condition-coverage="50% (1/2)"><conditions><condition number="0" type="jump" coverage="50%"/></conditions></line><line number="43" hits="0" branch="false"/><line number="44" hits="0" branch="false"/><line number="45" hits="0" branch="true" condition-coverage="0% (0/2)"><conditions><condition number="0" type="jump" coverage="0%"/></conditions></line><line number="47" hits="6" branch="true" condition-coverage="50% (1/2)"><conditions><condition number="0" type="jump" coverage="50%"/></conditions></line><line number="48" hits="6" branch="true" condition-coverage="50% (1/2)"><conditions><condition number="0" type="jump" coverage="50%"/></conditions></line><line number="49" hits="6" branch="true" condition-coverage="50% (1/2)"><conditions><condition number="0" type="jump" coverage="50%"/></conditions></line><line number="50" hits="6" branch="true" condition-coverage="50% (1/2)"><conditions><condition number="0" type="jump" coverage="50%"/></conditions></line><line number="51" hits="6" branch="true" condition-coverage="50% (1/2)"><conditions><condition number="0" type="jump" coverage="50%"/></conditions></line><line number="52" hits="2101126" branch="true" condition-coverage="100% (2/2)"><conditions><condition number="0" type="jump" coverage="100%"/></conditions></line><line number="53" hits="6" branch="false"/><line number="54" hits="6" branch="false"/><line number="55" hits="6" branch="false"/><line number="56" hits="6" branch="false"/></lines></method><method name="kk2::FormalPowerSeriesNTTFriendly&lt;kk2::LazyMontgomeryModInt&lt;998244353&gt; &gt; kk2::convolution&lt;kk2::FormalPowerSeriesNTTFriendly&lt;kk2::LazyMontgomeryModInt&lt;998244353&gt; &gt; &gt;" signature="(kk2::FormalPowerSeriesNTTFriendly&lt;kk2::LazyMontgomeryModInt&lt;998244353&gt; &gt;&amp;, kk2::FormalPowerSeriesNTTFriendly&lt;kk2::LazyMontgomeryModInt&lt;998244353&gt; &gt; const&amp;, bool)" line-rate="0.75" branch-rate="0.3333333333333333" complexity="0.0"><lines><line number="59" hits="38346" branch="false"/><line number="60" hits="38346" branch="true" condition-coverage="33% (2/6)"><conditions><condition number="0" type="jump" coverage="33%"/></conditions></line><line number="61" hits="0" branch="false"/><line number="62" hits="38346" branch="false"/></lines></method><method name="kk2::FormalPowerSeriesNTTFriendly&lt;kk2::ModInt&lt;1000000007&gt; &gt; kk2::convolution&lt;kk2::FormalPowerSeriesNTTFriendly&lt;kk2::ModInt&lt;1000000007&gt; &gt; &gt;" signature="(kk2::FormalPowerSeriesNTTFriendly&lt;kk2::ModInt&lt;1000000007&gt; &gt;&amp;, kk2::FormalPowerSeriesNTTFriendly&lt;kk2::ModInt&lt;1000000007&gt; &gt; const&amp;, bool)" line-rate="1.0" branch-rate="0.8333333333333334" complexity="0.0"><lines><line number="59" hits="10" branch="false"/><line number="60" hits="10" branch="true" condition-coverage="83% (5/6)"><conditions><condition number="0" type="jump" coverage="83%"/></conditions></line><line number="61" hits="4" branch="false"/><line number="62" hits="6" branch="false"/></lines></method></methods><lines><line number="14" hits="4024" branch="false"/><line number="14" hits="4" branch="false"/><line number="15" hits="4024" branch="false"/><line number="15" hits="4" branch="false"/><line number="16" hits="4024" branch="true" condition-coverage="50% (2/4)"><conditions><condition number="0" type="jump" coverage="50%"/></conditions></line><line number="16" hits="4" branch="true" condition-coverage="50% (2/4)"><conditions><condition number="0" type="jump" coverage="50%"/></conditions></line><line number="17" hits="0" branch="false"/><line number="17" hits="0" branch="false"/><line number="18" hits="0" branch="true" condition-coverage="0% (0/2)"><conditions><condition number="0" type="jump" coverage="0%"/></conditions></line><line number="18" hits="0" branch="true" condition-coverage="0% (0/2)"><conditions><condition number="0" type="jump" coverage="0%"/></conditions></line><line number="20" hits="4024" branch="false"/><line number="20" hits="4" branch="false"/><line number="21" hits="125720" branch="true" condition-coverage="50% (3/6)"><conditions><condition number="0" type="jump" coverage="50%"/></conditions></line><line number="21" hits="19" branch="true" condition-coverage="50% (3/6)"><conditions><condition number="0" type="jump" coverage="50%"/></conditions></line><line number="22" hits="125720" branch="true" condition-coverage="50% (3/6)"><conditions><condition number="0" type="jump" coverage="50%"/></conditions></line><line number="22" hits="60" branch="true" condition-coverage="50% (3/6)"><conditions><condition number="0" type="jump" coverage="50%"/></conditions></line><line number="23" hits="125720" branch="true" condition-coverage="100% (2/2)"><conditions><condition number="0" type="jump" coverage="100%"/></conditions></line><line number="23" hits="19" branch="true" condition-coverage="100% (2/2)"><conditions><condition number="0" type="jump" coverage="100%"/></conditions></line><line number="24" hits="121696" branch="true" condition-coverage="66% (4/6)"><conditions><condition number="0" type="jump" coverage="66%"/></conditions></line><line number="24" hits="15" branch="true" condition-coverage="50% (3/6)"><conditions><condition number="0" type="jump" coverage="50%"/></conditions></line><line number="25" hits="125720" branch="true" condition-coverage="100% (2/2)"><conditions><condition number="0" type="jump" coverage="100%"/></conditions></line><line number="25" hits="60" branch="true" condition-coverage="100% (2/2)"><conditions><condition number="0" type="jump" coverage="100%"/></conditions></line><line number="26" hits="121696" branch="true" condition-coverage="66% (4/6)"><conditions><condition number="0" type="jump" coverage="66%"/></conditions></line><line number="26" hits="56" branch="true" condition-coverage="50% (3/6)"><conditions><condition number="0" type="jump" coverage="50%"/></conditions></line><line number="27" hits="4024" branch="true" condition-coverage="50% (1/2)"><conditions><condition number="0" type="jump" coverage="50%"/></conditions></line><line number="27" hits="4" branch="true" condition-coverage="50% (1/2)"><conditions><condition number="0" type="jump" coverage="50%"/></conditions></line><line number="28" hits="42616" branch="true" condition-coverage="100% (2/2)"><conditions><condition number="0" type="jump" coverage="100%"/></conditions></line><line number="28" hits="19" branch="true" condition-coverage="100% (2/2)"><conditions><condition number="0" type="jump" coverage="100%"/></conditions></line><line number="29" hits="5964064" branch="true" condition-coverage="100% (2/2)"><conditions><condition number="0" type="jump" coverage="100%"/></conditions></line><line number="29" hits="340" branch="true" condition-coverage="75% (3/4)"><conditions><condition number="0" type="jump" coverage="75%"/></conditions></line><line number="30" hits="4024" branch="true" condition-coverage="50% (2/4)"><conditions><condition number="0" type="jump" coverage="50%"/></conditions></line><line number="30" hits="4" branch="true" condition-coverage="50% (2/4)"><conditions><condition number="0" type="jump" coverage="50%"/></conditions></line><line number="31" hits="4024" branch="false"/><line number="31" hits="4" branch="false"/><line number="33" hits="38346" branch="false"/><line number="33" hits="6" branch="false"/><line number="34" hits="38346" branch="false"/><line number="34" hits="6" branch="false"/><line number="35" hits="38346" branch="true" condition-coverage="50% (2/4)"><conditions><condition number="0" type="jump" coverage="50%"/></conditions></line><line number="35" hits="6" branch="true" condition-coverage="50% (2/4)"><conditions><condition number="0" type="jump" coverage="50%"/></conditions></line><line number="36" hits="0" branch="false"/><line number="36" hits="0" branch="false"/><line number="37" hits="0" branch="false"/><line number="37" hits="0" branch="false"/><line number="40" hits="38346" branch="false"/><line number="40" hits="6" branch="false"/><line number="41" hits="219000" branch="true" condition-coverage="100% (2/2)"><conditions><condition number="0" type="jump" coverage="100%"/></conditions></line><line number="41" hits="72" branch="true" condition-coverage="100% (2/2)"><conditions><condition number="0" type="jump" coverage="100%"/></conditions></line><line number="42" hits="38346" branch="true" condition-coverage="50% (1/2)"><conditions><condition number="0" type="jump" coverage="50%"/></conditions></line><line number="42" hits="6" branch="true" condition-coverage="50% (1/2)"><conditions><condition number="0" type="jump" coverage="50%"/></conditions></line><line number="43" hits="0" branch="false"/><line number="43" hits="0" branch="false"/><line number="44" hits="0" branch="false"/><line number="44" hits="0" branch="false"/><line number="45" hits="0" branch="true" condition-coverage="0% (0/2)"><conditions><condition number="0" type="jump" coverage="0%"/></conditions></line><line number="45" hits="0" branch="true" condition-coverage="0% (0/2)"><conditions><condition number="0" type="jump" coverage="0%"/></conditions></line><line number="47" hits="38346" branch="true" condition-coverage="50% (1/2)"><conditions><condition number="0" type="jump" coverage="50%"/></conditions></line><line number="47" hits="6" branch="true" condition-coverage="50% (1/2)"><conditions><condition number="0" type="jump" coverage="50%"/></conditions></line><line number="48" hits="38346" branch="true" condition-coverage="50% (1/2)"><conditions><condition number="0" type="jump" coverage="50%"/></conditions></line><line number="48" hits="6" branch="true" condition-coverage="50% (1/2)"><conditions><condition number="0" type="jump" coverage="50%"/></conditions></line><line number="49" hits="38346" branch="true" condition-coverage="50% (1/2)"><conditions><condition number="0" type="jump" coverage="50%"/></conditions></line><line number="49" hits="6" branch="true" condition-coverage="50% (1/2)"><conditions><condition number="0" type="jump" coverage="50%"/></conditions></line><line number="50" hits="38346" branch="true" condition-coverage="50% (1/2)"><conditions><condition number="0" type="jump" coverage="50%"/></conditions></line><line number="50" hits="6" branch="true" condition-coverage="50% (1/2)"><conditions><condition number="0" type="jump" coverage="50%"/></conditions></line><line number="51" hits="38346" branch="true" condition-coverage="50% (1/2)"><conditions><condition number="0" type="jump" coverage="50%"/></conditions></line><line number="51" hits="6" branch="true" condition-coverage="50% (1/2)"><conditions><condition number="0" type="jump" coverage="50%"/></conditions></line><line number="52" hits="1736426" branch="true" condition-coverage="100% (2/2)"><conditions><condition number="0" type="jump" coverage="100%"/></conditions></line><line number="52" hits="2101126" branch="true" condition-coverage="100% (2/2)"><conditions><condition number="0" type="jump" coverage="100%"/></conditions></line><line number="53" hits="38346" branch="false"/><line number="53" hits="6" branch="false"/><line number="54" hits="38346" branch="false"/><line number="54" hits="6" branch="false"/><line number="55" hits="38346" branch="false"/><line number="55" hits="6" branch="false"/><line number="56" hits="38346" branch="false"/><line number="56" hits="6" branch="false"/><line number="59" hits="38346" branch="false"/><line number="59" hits="10" branch="false"/><line number="60" hits="38346" branch="true" condition-coverage="33% (2/6)"><conditions><condition number="0" type="jump" coverage="33%"/></conditions></line><line number="60" hits="10" branch="true" condition-coverage="83% (5/6)"><conditions><condition number="0" type="jump" coverage="83%"/></conditions></line><line number="61" hits="0" branch="false"/><line number="61" hits="4" branch="false"/><line number="62" hits="38346" branch="false"/><line number="62" hits="6" branch="false"/></lines></class><class name="convolution_int_hpp" filename="convolution/convolution_int.hpp" line-rate="1.0" branch-rate="1.0" complexity="0.0"><methods/><lines/></class><class name="convolution_lcm_hpp" filename="convolution/convolution_lcm.hpp" line-rate="1.0" branch-rate="1.0" complexity="0.0"><methods/><lines/></class><class name="convolution_or_hpp" filename="convolution/convolution_or.hpp" line-rate="1.0" branch-rate="1.0" complexity="0.0"><methods/><lines/></class><class name="convolution_subset_hpp" filename="convolution/convolution_subset.hpp" line-rate="1.0" branch-rate="1.0" complexity="0.0"><methods/><lines/></class><class name="convolution_xor_hpp" filename="convolution/convolution_xor.hpp" line-rate="1.0" branch-rate="1.0" complexity="0.0"><methods/><lines/></class><class name="divisor_multiple_transform_hpp" filename="convolution/divisor_multiple_transform.hpp" line-rate="1.0" branch-rate="1.0" complexity="0.0"><methods/><lines/></class><class name="multi_convolution_truncated_hpp" filename="convolution/multi_convolution_truncated.hpp" line-rate="1.0" branch-rate="1.0" complexity="0.0"><methods/><lines/></class><class name="walsh_hadamard_transform_hpp" filename="convolution/walsh_hadamard_transform.hpp" line-rate="1.0" branch-rate="1.0" complexity="0.0"><methods/><lines/></class><class name="zeta_mobius_transfrom_hpp" filename="convolution/zeta_mobius_transfrom.hpp" line-rate="1.0" branch-rate="1.0" complexity="0.0"><methods/><lines/></class></classes></package><package name="data_structure" line-rate="1.0" branch-rate="0.8380281690140845" complexity="0.0"><classes><class name="binary_indexed_tree_abstract_hpp" filename="data_structure/binary_indexed_tree_abstract.hpp" line-rate="1.0" branch-rate="1.0" complexity="0.0"><methods/><lines/></class><class name="binary_indexed_tree_hpp" filename="data_structure/binary_indexed_tree.hpp" line-rate="1.0" branch-rate="1.0" complexity="0.0"><methods/><lines/></class><class name="binary_trie_hpp" filename="data_structure/binary_trie.hpp" line-rate="1.0" branch-rate="1.0" complexity="0.0"><methods/><lines/></class><class name="bit_vector_hpp" filename="data_structure/bit_vector.hpp" line-rate="1.0" branch-rate="0.8888888888888888" complexity="0.0"><methods><method name="kk2::BitVector::BitVector" signature="(int)" line-rate="1.0" branch-rate="0.5" complexity="0.0"><lines><line number="19" hits="11000" branch="true" condition-coverage="50% (2/4)"><conditions><condition number="0" type="jump" coverage="50%"/></conditions></line></lines></method><method name="kk2::BitVector::set" signature="(int)" line-rate="1.0" branch-rate="1.0" complexity="0.0"><lines><line number="21" hits="21589440" branch="false"/></lines></method><method name="kk2::BitVector::build" signature="()" line-rate="1.0" branch-rate="1.0" complexity="0.0"><lines><line number="23" hits="8616" branch="false"/><line number="24" hits="690209" branch="true" condition-coverage="100% (2/2)"><conditions><condition number="0" type="jump" coverage="100%"/></conditions></line><line number="25" hits="8616" branch="false"/><line number="26" hits="8616" branch="false"/></lines></method><method name="kk2::BitVector::rank0" signature="(int) const" line-rate="1.0" branch-rate="1.0" complexity="0.0"><lines><line number="30" hits="31992698" branch="false"/></lines></method><method name="kk2::BitVector::rank1" signature="(int) const" line-rate="1.0" branch-rate="1.0" complexity="0.0"><lines><line number="32" hits="63430238" branch="false"/><line number="33" hits="63430238" branch="false"/></lines></method><method name="kk2::BitVector::select0" signature="(int) const" line-rate="1.0" branch-rate="1.0" complexity="0.0"><lines><line number="36" hits="2829047" branch="false"/><line number="37" hits="2829047" branch="true" condition-coverage="100% (2/2)"><conditions><condition number="0" type="jump" coverage="100%"/></conditions></line><line number="38" hits="1643684" branch="false"/><line number="39" hits="21480761" branch="true" condition-coverage="100% (2/2)"><conditions><condition number="0" type="jump" coverage="100%"/></conditions></line><line number="40" hits="19837077" branch="false"/><line number="41" hits="19837077" branch="true" condition-coverage="100% (2/2)"><conditions><condition number="0" type="jump" coverage="100%"/></conditions></line><line number="42" hits="10302549" branch="false"/><line number="44" hits="1643684" branch="false"/></lines></method><method name="kk2::BitVector::select1" signature="(int) const" line-rate="1.0" branch-rate="1.0" complexity="0.0"><lines><line number="47" hits="2635161" branch="false"/><line number="48" hits="2635161" branch="true" condition-coverage="100% (2/2)"><conditions><condition number="0" type="jump" coverage="100%"/></conditions></line><line number="49" hits="1632682" branch="false"/><line number="50" hits="21369227" branch="true" condition-coverage="100% (2/2)"><conditions><condition number="0" type="jump" coverage="100%"/></conditions></line><line number="51" hits="19736545" branch="false"/><line number="52" hits="19736545" branch="true" condition-coverage="100% (2/2)"><conditions><condition number="0" type="jump" coverage="100%"/></conditions></line><line number="53" hits="10241908" branch="false"/><line number="55" hits="1632682" branch="false"/></lines></method></methods><lines><line number="19" hits="11000" branch="true" condition-coverage="50% (2/4)"><conditions><condition number="0" type="jump" coverage="50%"/></conditions></line><line number="21" hits="21589440" branch="false"/><line number="23" hits="8616" branch="false"/><line number="24" hits="690209" branch="true" condition-coverage="100% (2/2)"><conditions><condition number="0" type="jump" coverage="100%"/></conditions></line><line number="25" hits="8616" branch="false"/><line number="26" hits="8616" branch="false"/><line number="30" hits="31992698" branch="false"/><line number="32" hits="63430238" branch="false"/><line number="33" hits="63430238" branch="false"/><line number="36" hits="2829047" branch="false"/><line number="37" hits="2829047" branch="true" condition-coverage="100% (2/2)"><conditions><condition number="0" type="jump" coverage="100%"/></conditions></line><line number="38" hits="1643684" branch="false"/><line number="39" hits="21480761" branch="true" condition-coverage="100% (2/2)"><conditions><condition number="0" type="jump" coverage="100%"/></conditions></line><line number="40" hits="19837077" branch="false"/><line number="41" hits="19837077" branch="true" condition-coverage="100% (2/2)"><conditions><condition number="0" type="jump" coverage="100%"/></conditions></line><line number="42" hits="10302549" branch="false"/><line number="44" hits="1643684" branch="false"/><line number="47" hits="2635161" branch="false"/><line number="48" hits="2635161" branch="true" condition-coverage="100% (2/2)"><conditions><condition number="0" type="jump" coverage="100%"/></conditions></line><line number="49" hits="1632682" branch="false"/><line number="50" hits="21369227" branch="true" condition-coverage="100% (2/2)"><conditions><condition number="0" type="jump" coverage="100%"/></conditions></line><line number="51" hits="19736545" branch="false"/><line number="52" hits="19736545" branch="true" condition-coverage="100% (2/2)"><conditions><condition number="0" type="jump" coverage="100%"/></conditions></line><line number="53" hits="10241908" branch="false"/><line number="55" hits="1632682" branch="false"/></lines></class><class name="convex_hull_trick_add_monotone_hpp" filename="data_structure/convex_hull_trick_add_monotone.hpp" line-rate="1.0" branch-rate="1.0" complexity="0.0"><methods/><lines/></class><class name="disjoint_sparse_table_hpp" filename="data_structure/disjoint_sparse_table.hpp" line-rate="1.0" branch-rate="1.0" complexity="0.0"><methods/><lines/></class><class name="hash_map_hpp" filename="data_structure/hash_map.hpp" line-rate="1.0" branch-rate="1.0" complexity="0.0"><methods/><lines/></class><class name="interval_heap_hpp" filename="data_structure/interval_heap.hpp" line-rate="1.0" branch-rate="1.0" complexity="0.0"><methods/><lines/></class><class name="my_bitset_hpp" filename="data_structure/my_bitset.hpp" line-rate="1.0" branch-rate="1.0" complexity="0.0"><methods/><lines/></class><class name="my_bitset_old_hpp" filename="data_structure/my_bitset_old.hpp" line-rate="1.0" branch-rate="1.0" complexity="0.0"><methods/><lines/></class><class name="offline_dynamic_connectivity_hpp" filename="data_structure/offline_dynamic_connectivity.hpp" line-rate="1.0" branch-rate="0.8888888888888888" complexity="0.0"><methods><method name="kk2::OfflineDynamicConnectivity::apply" signature="(int, int, std::pair&lt;int, int&gt;)" line-rate="1.0" branch-rate="1.0" complexity="0.0"><lines><line number="22" hits="49948" branch="false"/><line number="23" hits="49948" branch="false"/><line number="24" hits="420292" branch="true" condition-coverage="100% (2/2)"><conditions><condition number="0" type="jump" coverage="100%"/></conditions></line><line number="25" hits="370344" branch="true" condition-coverage="100% (2/2)"><conditions><condition number="0" type="jump" coverage="100%"/></conditions></line><line number="26" hits="370344" branch="true" condition-coverage="100% (2/2)"><conditions><condition number="0" type="jump" coverage="100%"/></conditions></line><line number="27" hits="370344" branch="false"/><line number="29" hits="49948" branch="false"/></lines></method><method name="kk2::OfflineDynamicConnectivity::apply_pre" signature="(int, int)" line-rate="1.0" branch-rate="1.0" complexity="0.0"><lines><line number="31" hits="49948" branch="false"/><line number="32" hits="49948" branch="false"/><line number="33" hits="420292" branch="true" condition-coverage="100% (2/2)"><conditions><condition number="0" type="jump" coverage="100%"/></conditions></line><line number="34" hits="370344" branch="true" condition-coverage="100% (2/2)"><conditions><condition number="0" type="jump" coverage="100%"/></conditions></line><line number="35" hits="370344" branch="true" condition-coverage="100% (2/2)"><conditions><condition number="0" type="jump" coverage="100%"/></conditions></line><line number="36" hits="370344" branch="false"/><line number="38" hits="49948" branch="false"/></lines></method><method name="kk2::OfflineDynamicConnectivity::seg_build" signature="()" line-rate="1.0" branch-rate="1.0" complexity="0.0"><lines><line number="40" hits="200" branch="false"/><line number="41" hits="6553400" branch="true" condition-coverage="100% (2/2)"><conditions><condition number="0" type="jump" coverage="100%"/></conditions></line><line number="42" hits="200" branch="false"/><line number="43" hits="6553600" branch="true" condition-coverage="100% (2/2)"><conditions><condition number="0" type="jump" coverage="100%"/></conditions></line><line number="44" hits="200" branch="false"/></lines></method><method name="kk2::OfflineDynamicConnectivity::OfflineDynamicConnectivity" signature="(int, int)" line-rate="1.0" branch-rate="0.6666666666666666" complexity="0.0"><lines><line number="49" hits="200" branch="true" condition-coverage="50% (1/2)"><conditions><condition number="0" type="jump" coverage="50%"/></conditions></line><line number="50" hits="3000" branch="true" condition-coverage="100% (2/2)"><conditions><condition number="0" type="jump" coverage="100%"/></conditions></line><line number="51" hits="200" branch="true" condition-coverage="50% (1/2)"><conditions><condition number="0" type="jump" coverage="50%"/></conditions></line><line number="52" hits="200" branch="false"/></lines></method><method name="kk2::OfflineDynamicConnectivity::add_edge" signature="(int, int, int)" line-rate="1.0" branch-rate="0.5" complexity="0.0"><lines><line number="54" hits="49949" branch="false"/><line number="55" hits="99898" branch="true" condition-coverage="50% (1/2)"><conditions><condition number="0" type="jump" coverage="50%"/></conditions></line><line number="57" hits="49949" branch="false"/><line number="59" hits="49949" branch="false"/></lines></method><method name="kk2::OfflineDynamicConnectivity::del_edge" signature="(int, int, int)" line-rate="1.0" branch-rate="0.5" complexity="0.0"><lines><line number="61" hits="50110" branch="false"/><line number="62" hits="100220" branch="true" condition-coverage="50% (1/2)"><conditions><condition number="0" type="jump" coverage="50%"/></conditions></line><line number="64" hits="50110" branch="false"/><line number="66" hits="50110" branch="false"/></lines></method><method name="kk2::OfflineDynamicConnectivity::build" signature="(bool)" line-rate="1.0" branch-rate="0.9210526315789473" complexity="0.0"><lines><line number="68" hits="200" branch="false"/><line number="69" hits="200" branch="true" condition-coverage="50% (2/4)"><conditions><condition number="0" type="jump" coverage="50%"/></conditions></line><line number="70" hits="200" branch="false"/><line number="71" hits="200" branch="false"/><line number="72" hits="100259" branch="true" condition-coverage="100% (2/2)"><conditions><condition number="0" type="jump" coverage="100%"/></conditions></line><line number="73" hits="100059" branch="true" condition-coverage="100% (2/2)"><conditions><condition number="0" type="jump" coverage="100%"/></conditions></line><line number="74" hits="75150" branch="true" condition-coverage="100% (2/2)"><conditions><condition number="0" type="jump" coverage="100%"/></conditions></line><line number="75" hits="75150" branch="false"/><line number="76" hits="75150" branch="false"/><line number="78" hits="100059" branch="true" condition-coverage="100% (4/4)"><conditions><condition number="0" type="jump" coverage="100%"/></conditions></line><line number="79" hits="16598" branch="false"/><line number="80" hits="16598" branch="false"/><line number="81" hits="83461" branch="true" condition-coverage="100% (4/4)"><conditions><condition number="0" type="jump" coverage="100%"/></conditions></line><line number="82" hits="49948" branch="false"/><line number="85" hits="200" branch="true" condition-coverage="100% (2/2)"><conditions><condition number="0" type="jump" coverage="100%"/></conditions></line><line number="87" hits="200" branch="true" condition-coverage="50% (1/2)"><conditions><condition number="0" type="jump" coverage="50%"/></conditions></line><line number="88" hits="200" branch="false"/><line number="89" hits="200" branch="false"/><line number="90" hits="100259" branch="true" condition-coverage="100% (2/2)"><conditions><condition number="0" type="jump" coverage="100%"/></conditions></line><line number="91" hits="100059" branch="true" condition-coverage="100% (2/2)"><conditions><condition number="0" type="jump" coverage="100%"/></conditions></line><line number="92" hits="75150" branch="true" condition-coverage="100% (2/2)"><conditions><condition number="0" type="jump" coverage="100%"/></conditions></line><line number="93" hits="75150" branch="false"/><line number="94" hits="75150" branch="false"/><line number="96" hits="100059" branch="true" condition-coverage="100% (4/4)"><conditions><condition number="0" type="jump" coverage="100%"/></conditions></line><line number="97" hits="16598" branch="false"/><line number="98" hits="16598" branch="false"/><line number="99" hits="83461" branch="true" condition-coverage="100% (4/4)"><conditions><condition number="0" type="jump" coverage="100%"/></conditions></line><line number="100" hits="49948" branch="false"/><line number="103" hits="200" branch="true" condition-coverage="100% (2/2)"><conditions><condition number="0" type="jump" coverage="100%"/></conditions></line><line number="104" hits="200" branch="false"/></lines></method><method name="void kk2::OfflineDynamicConnectivity::run&lt;main::{lambda(int)#1}&gt;" signature="(main::{lambda(int)#1} const&amp;)" line-rate="1.0" branch-rate="1.0" complexity="0.0"><lines><line number="106" hits="200" branch="false"/></lines></method><method name="void kk2::OfflineDynamicConnectivity::run&lt;main::{lambda(int)#1}&gt;(main::{lambda(int)#1} const&amp;)::{lambda(auto:1, int)#1}::operator()&lt;{lambda(auto:1, int)#1}&gt;" signature="({lambda(auto:1, int)#1}, int) const" line-rate="1.0" branch-rate="0.875" complexity="0.0"><lines><line number="107" hits="6553600" branch="false"/><line number="108" hits="6553400" branch="true" condition-coverage="100% (2/2)"><conditions><condition number="0" type="jump" coverage="100%"/></conditions></line><line number="109" hits="3476600" branch="false"/><line number="110" hits="3842342" branch="true" condition-coverage="100% (2/2)"><conditions><condition number="0" type="jump" coverage="100%"/></conditions></line><line number="111" hits="3476600" branch="true" condition-coverage="100% (2/2)"><conditions><condition number="0" type="jump" coverage="100%"/></conditions></line><line number="112" hits="200000" branch="false"/><line number="114" hits="3276600" branch="false"/><line number="115" hits="3276600" branch="false"/><line number="117" hits="3476600" branch="false"/><line number="119" hits="200" branch="true" condition-coverage="50% (1/2)"><conditions><condition number="0" type="jump" coverage="50%"/></conditions></line><line number="120" hits="200" branch="false"/></lines></method></methods><lines><line number="22" hits="49948" branch="false"/><line number="23" hits="49948" branch="false"/><line number="24" hits="420292" branch="true" condition-coverage="100% (2/2)"><conditions><condition number="0" type="jump" coverage="100%"/></conditions></line><line number="25" hits="370344" branch="true" condition-coverage="100% (2/2)"><conditions><condition number="0" type="jump" coverage="100%"/></conditions></line><line number="26" hits="370344" branch="true" condition-coverage="100% (2/2)"><conditions><condition number="0" type="jump" coverage="100%"/></conditions></line><line number="27" hits="370344" branch="false"/><line number="29" hits="49948" branch="false"/><line number="31" hits="49948" branch="false"/><line number="32" hits="49948" branch="false"/><line number="33" hits="420292" branch="true" condition-coverage="100% (2/2)"><conditions><condition number="0" type="jump" coverage="100%"/></conditions></line><line number="34" hits="370344" branch="true" condition-coverage="100% (2/2)"><conditions><condition number="0" type="jump" coverage="100%"/></conditions></line><line number="35" hits="370344" branch="true" condition-coverage="100% (2/2)"><conditions><condition number="0" type="jump" coverage="100%"/></conditions></line><line number="36" hits="370344" branch="false"/><line number="38" hits="49948" branch="false"/><line number="40" hits="200" branch="false"/><line number="41" hits="6553400" branch="true" condition-coverage="100% (2/2)"><conditions><condition number="0" type="jump" coverage="100%"/></conditions></line><line number="42" hits="200" branch="false"/><line number="43" hits="6553600" branch="true" condition-coverage="100% (2/2)"><conditions><condition number="0" type="jump" coverage="100%"/></conditions></line><line number="44" hits="200" branch="false"/><line number="49" hits="200" branch="true" condition-coverage="50% (1/2)"><conditions><condition number="0" type="jump" coverage="50%"/></conditions></line><line number="50" hits="3000" branch="true" condition-coverage="100% (2/2)"><conditions><condition number="0" type="jump" coverage="100%"/></conditions></line><line number="51" hits="200" branch="true" condition-coverage="50% (1/2)"><conditions><condition number="0" type="jump" coverage="50%"/></conditions></line><line number="52" hits="200" branch="false"/><line number="54" hits="49949" branch="false"/><line number="55" hits="99898" branch="true" condition-coverage="50% (1/2)"><conditions><condition number="0" type="jump" coverage="50%"/></conditions></line><line number="57" hits="49949" branch="false"/><line number="59" hits="49949" branch="false"/><line number="61" hits="50110" branch="false"/><line number="62" hits="100220" branch="true" condition-coverage="50% (1/2)"><conditions><condition number="0" type="jump" coverage="50%"/></conditions></line><line number="64" hits="50110" branch="false"/><line number="66" hits="50110" branch="false"/><line number="68" hits="200" branch="false"/><line number="69" hits="200" branch="true" condition-coverage="50% (2/4)"><conditions><condition number="0" type="jump" coverage="50%"/></conditions></line><line number="70" hits="200" branch="false"/><line number="71" hits="200" branch="false"/><line number="72" hits="100259" branch="true" condition-coverage="100% (2/2)"><conditions><condition number="0" type="jump" coverage="100%"/></conditions></line><line number="73" hits="100059" branch="true" condition-coverage="100% (2/2)"><conditions><condition number="0" type="jump" coverage="100%"/></conditions></line><line number="74" hits="75150" branch="true" condition-coverage="100% (2/2)"><conditions><condition number="0" type="jump" coverage="100%"/></conditions></line><line number="75" hits="75150" branch="false"/><line number="76" hits="75150" branch="false"/><line number="78" hits="100059" branch="true" condition-coverage="100% (4/4)"><conditions><condition number="0" type="jump" coverage="100%"/></conditions></line><line number="79" hits="16598" branch="false"/><line number="80" hits="16598" branch="false"/><line number="81" hits="83461" branch="true" condition-coverage="100% (4/4)"><conditions><condition number="0" type="jump" coverage="100%"/></conditions></line><line number="82" hits="49948" branch="false"/><line number="85" hits="200" branch="true" condition-coverage="100% (2/2)"><conditions><condition number="0" type="jump" coverage="100%"/></conditions></line><line number="87" hits="200" branch="true" condition-coverage="50% (1/2)"><conditions><condition number="0" type="jump" coverage="50%"/></conditions></line><line number="88" hits="200" branch="false"/><line number="89" hits="200" branch="false"/><line number="90" hits="100259" branch="true" condition-coverage="100% (2/2)"><conditions><condition number="0" type="jump" coverage="100%"/></conditions></line><line number="91" hits="100059" branch="true" condition-coverage="100% (2/2)"><conditions><condition number="0" type="jump" coverage="100%"/></conditions></line><line number="92" hits="75150" branch="true" condition-coverage="100% (2/2)"><conditions><condition number="0" type="jump" coverage="100%"/></conditions></line><line number="93" hits="75150" branch="false"/><line number="94" hits="75150" branch="false"/><line number="96" hits="100059" branch="true" condition-coverage="100% (4/4)"><conditions><condition number="0" type="jump" coverage="100%"/></conditions></line><line number="97" hits="16598" branch="false"/><line number="98" hits="16598" branch="false"/><line number="99" hits="83461" branch="true" condition-coverage="100% (4/4)"><conditions><condition number="0" type="jump" coverage="100%"/></conditions></line><line number="100" hits="49948" branch="false"/><line number="103" hits="200" branch="true" condition-coverage="100% (2/2)"><conditions><condition number="0" type="jump" coverage="100%"/></conditions></line><line number="104" hits="200" branch="false"/><line number="106" hits="200" branch="false"/><line number="107" hits="6553600" branch="false"/><line number="108" hits="6553400" branch="true" condition-coverage="100% (2/2)"><conditions><condition number="0" type="jump" coverage="100%"/></conditions></line><line number="109" hits="3476600" branch="false"/><line number="110" hits="3842342" branch="true" condition-coverage="100% (2/2)"><conditions><condition number="0" type="jump" coverage="100%"/></conditions></line><line number="111" hits="3476600" branch="true" condition-coverage="100% (2/2)"><conditions><condition number="0" type="jump" coverage="100%"/></conditions></line><line number="112" hits="200000" branch="false"/><line number="114" hits="3276600" branch="false"/><line number="115" hits="3276600" branch="false"/><line number="117" hits="3476600" branch="false"/><line number="119" hits="200" branch="true" condition-coverage="50% (1/2)"><conditions><condition number="0" type="jump" coverage="50%"/></conditions></line><line number="120" hits="200" branch="false"/></lines></class><class name="ordered_set_hpp" filename="data_structure/ordered_set.hpp" line-rate="1.0" branch-rate="1.0" complexity="0.0"><methods/><lines/></class><class name="prefix_sum_2d_hpp" filename="data_structure/prefix_sum_2d.hpp" line-rate="1.0" branch-rate="1.0" complexity="0.0"><methods/><lines/></class><class name="prefix_sum_arbitrary_hpp" filename="data_structure/prefix_sum_arbitrary.hpp" line-rate="1.0" branch-rate="1.0" complexity="0.0"><methods/><lines/></class><class name="prefix_sum_hpp" filename="data_structure/prefix_sum.hpp" line-rate="1.0" branch-rate="1.0" complexity="0.0"><methods/><lines/></class><class name="slope_trick_hpp" filename="data_structure/slope_trick.hpp" line-rate="1.0" branch-rate="1.0" complexity="0.0"><methods/><lines/></class><class name="sparse_table_hpp" filename="data_structure/sparse_table.hpp" line-rate="1.0" branch-rate="1.0" complexity="0.0"><methods/><lines/></class><class name="static_rmq_hpp" filename="data_structure/static_rmq.hpp" line-rate="1.0" branch-rate="1.0" complexity="0.0"><methods/><lines/></class><class name="trie_hpp" filename="data_structure/trie.hpp" line-rate="1.0" branch-rate="1.0" complexity="0.0"><methods/><lines/></class><class name="w_ary_tree_hpp" filename="data_structure/w_ary_tree.hpp" line-rate="1.0" branch-rate="1.0" complexity="0.0"><methods/><lines/></class><class name="wavelet_matrix_hpp" filename="data_structure/wavelet_matrix.hpp" line-rate="1.0" branch-rate="0.75" complexity="0.0"><methods><method name="kk2::WaveletMatrix&lt;long long&gt;::WaveletMatrix" signature="(std::vector&lt;long long, std::allocator&lt;long long&gt; &gt; const&amp;)" line-rate="1.0" branch-rate="0.5" complexity="0.0"><lines><line number="22" hits="200" branch="true" condition-coverage="50% (1/2)"><conditions><condition number="0" type="jump" coverage="50%"/></conditions></line></lines></method><method name="kk2::WaveletMatrix&lt;long long&gt;::build" signature="()" line-rate="1.0" branch-rate="0.6923076923076923" complexity="0.0"><lines><line number="24" hits="200" branch="false"/><line number="25" hits="200" branch="false"/><line number="26" hits="200" branch="false"/><line number="27" hits="200" branch="true" condition-coverage="50% (1/2)"><conditions><condition number="0" type="jump" coverage="50%"/></conditions></line><line number="28" hits="200" branch="true" condition-coverage="50% (1/2)"><conditions><condition number="0" type="jump" coverage="50%"/></conditions></line><line number="29" hits="200" branch="true" condition-coverage="50% (1/2)"><conditions><condition number="0" type="jump" coverage="50%"/></conditions></line><line number="30" hits="200" branch="true" condition-coverage="50% (2/4)"><conditions><condition number="0" type="jump" coverage="50%"/></conditions></line><line number="31" hits="400" branch="true" condition-coverage="50% (2/4)"><conditions><condition number="0" type="jump" coverage="50%"/></conditions></line><line number="32" hits="6816" branch="true" condition-coverage="100% (2/2)"><conditions><condition number="0" type="jump" coverage="100%"/></conditions></line><line number="33" hits="6616" branch="false"/><line number="34" hits="33832926" branch="true" condition-coverage="100% (2/2)"><conditions><condition number="0" type="jump" coverage="100%"/></conditions></line><line number="35" hits="33826310" branch="true" condition-coverage="100% (2/2)"><conditions><condition number="0" type="jump" coverage="100%"/></conditions></line><line number="37" hits="6616" branch="true" condition-coverage="50% (1/2)"><conditions><condition number="0" type="jump" coverage="50%"/></conditions></line><line number="38" hits="6616" branch="false"/><line number="39" hits="33832926" branch="true" condition-coverage="100% (2/2)"><conditions><condition number="0" type="jump" coverage="100%"/></conditions></line><line number="40" hits="33826310" branch="true" condition-coverage="100% (2/2)"><conditions><condition number="0" type="jump" coverage="100%"/></conditions></line><line number="41" hits="16520378" branch="false"/><line number="43" hits="17305932" branch="false"/><line number="46" hits="6616" branch="false"/><line number="48" hits="200" branch="false"/></lines></method><method name="kk2::WaveletMatrix&lt;long long&gt;::rank" signature="(long long, int)" line-rate="1.0" branch-rate="0.8" complexity="0.0"><lines><line number="62" hits="200000" branch="false"/><line number="63" hits="200000" branch="true" condition-coverage="50% (2/4)"><conditions><condition number="0" type="jump" coverage="50%"/></conditions></line><line number="64" hits="200000" branch="false"/><line number="65" hits="6816000" branch="true" condition-coverage="100% (2/2)"><conditions><condition number="0" type="jump" coverage="100%"/></conditions></line><line number="66" hits="6616000" branch="true" condition-coverage="100% (2/2)"><conditions><condition number="0" type="jump" coverage="100%"/></conditions></line><line number="67" hits="6616000" branch="true" condition-coverage="100% (2/2)"><conditions><condition number="0" type="jump" coverage="100%"/></conditions></line><line number="69" hits="200000" branch="false"/></lines></method><method name="kk2::WaveletMatrix&lt;long long&gt;::select" signature="(long long, int)" line-rate="1.0" branch-rate="0.8571428571428571" complexity="0.0"><lines><line number="72" hits="200000" branch="false"/><line number="73" hits="200000" branch="true" condition-coverage="50% (2/4)"><conditions><condition number="0" type="jump" coverage="50%"/></conditions></line><line number="74" hits="200000" branch="false"/><line number="75" hits="6816000" branch="true" condition-coverage="100% (2/2)"><conditions><condition number="0" type="jump" coverage="100%"/></conditions></line><line number="76" hits="6616000" branch="true" condition-coverage="100% (2/2)"><conditions><condition number="0" type="jump" coverage="100%"/></conditions></line><line number="77" hits="200000" branch="false"/><line number="78" hits="1475185" branch="true" condition-coverage="100% (2/2)"><conditions><condition number="0" type="jump" coverage="100%"/></conditions></line><line number="79" hits="1464208" branch="true" condition-coverage="100% (2/2)"><conditions><condition number="0" type="jump" coverage="100%"/></conditions></line><line number="80" hits="1464208" branch="true" condition-coverage="100% (2/2)"><conditions><condition number="0" type="jump" coverage="100%"/></conditions></line><line number="82" hits="10977" branch="false"/></lines></method></methods><lines><line number="22" hits="200" branch="true" condition-coverage="50% (1/2)"><conditions><condition number="0" type="jump" coverage="50%"/></conditions></line><line number="24" hits="200" branch="false"/><line number="25" hits="200" branch="false"/><line number="26" hits="200" branch="false"/><line number="27" hits="200" branch="true" condition-coverage="50% (1/2)"><conditions><condition number="0" type="jump" coverage="50%"/></conditions></line><line number="28" hits="200" branch="true" condition-coverage="50% (1/2)"><conditions><condition number="0" type="jump" coverage="50%"/></conditions></line><line number="29" hits="200" branch="true" condition-coverage="50% (1/2)"><conditions><condition number="0" type="jump" coverage="50%"/></conditions></line><line number="30" hits="200" branch="true" condition-coverage="50% (2/4)"><conditions><condition number="0" type="jump" coverage="50%"/></conditions></line><line number="31" hits="400" branch="true" condition-coverage="50% (2/4)"><conditions><condition number="0" type="jump" coverage="50%"/></conditions></line><line number="32" hits="6816" branch="true" condition-coverage="100% (2/2)"><conditions><condition number="0" type="jump" coverage="100%"/></conditions></line><line number="33" hits="6616" branch="false"/><line number="34" hits="33832926" branch="true" condition-coverage="100% (2/2)"><conditions><condition number="0" type="jump" coverage="100%"/></conditions></line><line number="35" hits="33826310" branch="true" condition-coverage="100% (2/2)"><conditions><condition number="0" type="jump" coverage="100%"/></conditions></line><line number="37" hits="6616" branch="true" condition-coverage="50% (1/2)"><conditions><condition number="0" type="jump" coverage="50%"/></conditions></line><line number="38" hits="6616" branch="false"/><line number="39" hits="33832926" branch="true" condition-coverage="100% (2/2)"><conditions><condition number="0" type="jump" coverage="100%"/></conditions></line><line number="40" hits="33826310" branch="true" condition-coverage="100% (2/2)"><conditions><condition number="0" type="jump" coverage="100%"/></conditions></line><line number="41" hits="16520378" branch="false"/><line number="43" hits="17305932" branch="false"/><line number="46" hits="6616" branch="false"/><line number="48" hits="200" branch="false"/><line number="62" hits="200000" branch="false"/><line number="63" hits="200000" branch="true" condition-coverage="50% (2/4)"><conditions><condition number="0" type="jump" coverage="50%"/></conditions></line><line number="64" hits="200000" branch="false"/><line number="65" hits="6816000" branch="true" condition-coverage="100% (2/2)"><conditions><condition number="0" type="jump" coverage="100%"/></conditions></line><line number="66" hits="6616000" branch="true" condition-coverage="100% (2/2)"><conditions><condition number="0" type="jump" coverage="100%"/></conditions></line><line number="67" hits="6616000" branch="true" condition-coverage="100% (2/2)"><conditions><condition number="0" type="jump" coverage="100%"/></conditions></line><line number="69" hits="200000" branch="false"/><line number="72" hits="200000" branch="false"/><line number="73" hits="200000" branch="true" condition-coverage="50% (2/4)"><conditions><condition number="0" type="jump" coverage="50%"/></conditions></line><line number="74" hits="200000" branch="false"/><line number="75" hits="6816000" branch="true" condition-coverage="100% (2/2)"><conditions><condition number="0" type="jump" coverage="100%"/></conditions></line><line number="76" hits="6616000" branch="true" condition-coverage="100% (2/2)"><conditions><condition number="0" type="jump" coverage="100%"/></conditions></line><line number="77" hits="200000" branch="false"/><line number="78" hits="1475185" branch="true" condition-coverage="100% (2/2)"><conditions><condition number="0" type="jump" coverage="100%"/></conditions></line><line number="79" hits="1464208" branch="true" condition-coverage="100% (2/2)"><conditions><condition number="0" type="jump" coverage="100%"/></conditions></line><line number="80" hits="1464208" branch="true" condition-coverage="100% (2/2)"><conditions><condition number="0" type="jump" coverage="100%"/></conditions></line><line number="82" hits="10977" branch="false"/></lines></class></classes></package><package name="fps" line-rate="0.8459167950693375" branch-rate="0.505324298160697" complexity="0.0"><classes><class name="bbb_hpp" filename="fps/bbb.hpp" line-rate="1.0" branch-rate="1.0" complexity="0.0"><methods/><lines/></class><class name="bostan_mori_hpp" filename="fps/bostan_mori.hpp" line-rate="1.0" branch-rate="1.0" complexity="0.0"><methods/><lines/></class><class name="chirp_Z_hpp" filename="fps/chirp_Z.hpp" line-rate="1.0" branch-rate="1.0" complexity="0.0"><methods/><lines/></class><class name="composition_hpp" filename="fps/composition.hpp" line-rate="1.0" branch-rate="1.0" complexity="0.0"><methods/><lines/></class><class name="compositional_inv_hpp" filename="fps/compositional_inv.hpp" line-rate="1.0" branch-rate="1.0" complexity="0.0"><methods/><lines/></class><class name="fps_arb_hpp" filename="fps/fps_arb.hpp" line-rate="1.0" branch-rate="1.0" complexity="0.0"><methods/><lines/></class><class name="fps_base_hpp" filename="fps/fps_base.hpp" line-rate="0.8823529411764706" branch-rate="0.5251937984496124" complexity="0.0"><methods><method name="kk2::FormalPowerSeriesBase&lt;kk2::FormalPowerSeriesNTTFriendly&lt;kk2::LazyMontgomeryModInt&lt;998244353&gt; &gt;, kk2::LazyMontgomeryModInt&lt;998244353&gt; &gt;::derived" signature="()" line-rate="1.0" branch-rate="1.0" complexity="0.0"><lines><line number="23" hits="721547" branch="false"/></lines></method><method name="kk2::FormalPowerSeriesBase&lt;kk2::FormalPowerSeriesNTTFriendly&lt;kk2::LazyMontgomeryModInt&lt;998244353&gt; &gt;, kk2::LazyMontgomeryModInt&lt;998244353&gt; &gt;::derived" signature="() const" line-rate="1.0" branch-rate="1.0" complexity="0.0"><lines><line number="24" hits="262445" branch="false"/></lines></method><method name="kk2::FormalPowerSeriesBase&lt;kk2::FormalPowerSeriesNTTFriendly&lt;kk2::ModInt&lt;1000000007&gt; &gt;, kk2::ModInt&lt;1000000007&gt; &gt;::derived" signature="() const" line-rate="1.0" branch-rate="1.0" complexity="0.0"><lines><line number="24" hits="10" branch="false"/></lines></method><method name="kk2::FormalPowerSeriesBase&lt;kk2::FormalPowerSeriesNTTFriendly&lt;kk2::LazyMontgomeryModInt&lt;998244353&gt; &gt;, kk2::LazyMontgomeryModInt&lt;998244353&gt; &gt;::operator+=" signature="(kk2::FormalPowerSeriesNTTFriendly&lt;kk2::LazyMontgomeryModInt&lt;998244353&gt; &gt; const&amp;)" line-rate="1.0" branch-rate="0.75" complexity="0.0"><lines><line number="55" hits="18218" branch="false"/><line number="56" hits="18218" branch="true" condition-coverage="50% (1/2)"><conditions><condition number="0" type="jump" coverage="50%"/></conditions></line><line number="57" hits="470688" branch="true" condition-coverage="100% (2/2)"><conditions><condition number="0" type="jump" coverage="100%"/></conditions></line><line number="58" hits="18218" branch="false"/></lines></method><method name="kk2::FormalPowerSeriesBase&lt;kk2::FormalPowerSeriesNTTFriendly&lt;kk2::LazyMontgomeryModInt&lt;998244353&gt; &gt;, kk2::LazyMontgomeryModInt&lt;998244353&gt; &gt;::operator-=" signature="(kk2::FormalPowerSeriesNTTFriendly&lt;kk2::LazyMontgomeryModInt&lt;998244353&gt; &gt; const&amp;)" line-rate="1.0" branch-rate="0.75" complexity="0.0"><lines><line number="67" hits="28388" branch="false"/><line number="68" hits="28388" branch="true" condition-coverage="50% (1/2)"><conditions><condition number="0" type="jump" coverage="50%"/></conditions></line><line number="69" hits="227296" branch="true" condition-coverage="100% (2/2)"><conditions><condition number="0" type="jump" coverage="100%"/></conditions></line><line number="70" hits="28388" branch="false"/></lines></method><method name="kk2::FormalPowerSeriesBase&lt;kk2::FormalPowerSeriesNTTFriendly&lt;kk2::LazyMontgomeryModInt&lt;998244353&gt; &gt;, kk2::LazyMontgomeryModInt&lt;998244353&gt; &gt;::operator*=" signature="(kk2::LazyMontgomeryModInt&lt;998244353&gt; const&amp;)" line-rate="1.0" branch-rate="1.0" complexity="0.0"><lines><line number="79" hits="38338" branch="false"/><line number="80" hits="1099288" branch="true" condition-coverage="100% (2/2)"><conditions><condition number="0" type="jump" coverage="100%"/></conditions></line><line number="81" hits="38338" branch="false"/></lines></method><method name="kk2::FormalPowerSeriesBase&lt;kk2::FormalPowerSeriesNTTFriendly&lt;kk2::LazyMontgomeryModInt&lt;998244353&gt; &gt;, kk2::LazyMontgomeryModInt&lt;998244353&gt; &gt;::sparse_quo" signature="(kk2::FormalPowerSeriesNTTFriendly&lt;kk2::LazyMontgomeryModInt&lt;998244353&gt; &gt; const&amp;) const" line-rate="1.0" branch-rate="0.7083333333333334" complexity="0.0"><lines><line number="99" hits="4024" branch="false"/><line number="100" hits="4024" branch="true" condition-coverage="50% (1/2)"><conditions><condition number="0" type="jump" coverage="50%"/></conditions></line><line number="101" hits="4024" branch="true" condition-coverage="50% (1/2)"><conditions><condition number="0" type="jump" coverage="50%"/></conditions></line><line number="102" hits="4024" branch="false"/><line number="103" hits="4024" branch="true" condition-coverage="50% (1/2)"><conditions><condition number="0" type="jump" coverage="50%"/></conditions></line><line number="104" hits="4024" branch="false"/><line number="105" hits="121696" branch="true" condition-coverage="100% (2/2)"><conditions><condition number="0" type="jump" coverage="100%"/></conditions></line><line number="106" hits="117672" branch="true" condition-coverage="66% (4/6)"><conditions><condition number="0" type="jump" coverage="66%"/></conditions></line><line number="108" hits="4024" branch="true" condition-coverage="50% (1/2)"><conditions><condition number="0" type="jump" coverage="50%"/></conditions></line><line number="109" hits="125720" branch="true" condition-coverage="100% (2/2)"><conditions><condition number="0" type="jump" coverage="100%"/></conditions></line><line number="110" hits="121696" branch="false"/><line number="111" hits="6132993" branch="true" condition-coverage="100% (2/2)"><conditions><condition number="0" type="jump" coverage="100%"/></conditions></line><line number="112" hits="6128969" branch="true" condition-coverage="100% (2/2)"><conditions><condition number="0" type="jump" coverage="100%"/></conditions></line><line number="113" hits="6011297" branch="false"/><line number="116" hits="4024" branch="true" condition-coverage="50% (1/2)"><conditions><condition number="0" type="jump" coverage="50%"/></conditions></line><line number="117" hits="4024" branch="false"/></lines></method><method name="kk2::FormalPowerSeriesBase&lt;kk2::FormalPowerSeriesNTTFriendly&lt;kk2::LazyMontgomeryModInt&lt;998244353&gt; &gt;, kk2::LazyMontgomeryModInt&lt;998244353&gt; &gt;::dense_quo" signature="(kk2::FormalPowerSeriesNTTFriendly&lt;kk2::LazyMontgomeryModInt&lt;998244353&gt; &gt; const&amp;) const" line-rate="1.0" branch-rate="0.5" complexity="0.0"><lines><line number="119" hits="4024" branch="false"/><line number="120" hits="4024" branch="true" condition-coverage="50% (1/2)"><conditions><condition number="0" type="jump" coverage="50%"/></conditions></line><line number="121" hits="4024" branch="true" condition-coverage="50% (1/2)"><conditions><condition number="0" type="jump" coverage="50%"/></conditions></line><line number="122" hits="4024" branch="false"/><line number="123" hits="4024" branch="true" condition-coverage="50% (7/14)"><conditions><condition number="0" type="jump" coverage="50%"/></conditions></line></lines></method><method name="kk2::FormalPowerSeriesBase&lt;kk2::FormalPowerSeriesNTTFriendly&lt;kk2::LazyMontgomeryModInt&lt;998244353&gt; &gt;, kk2::LazyMontgomeryModInt&lt;998244353&gt; &gt;::operator&gt;&gt;=" signature="(int)" line-rate="0.8" branch-rate="0.5" complexity="0.0"><lines><line number="132" hits="4024" branch="false"/><line number="133" hits="4024" branch="true" condition-coverage="50% (1/2)"><conditions><condition number="0" type="jump" coverage="50%"/></conditions></line><line number="134" hits="0" branch="false"/><line number="136" hits="4024" branch="true" condition-coverage="50% (1/2)"><conditions><condition number="0" type="jump" coverage="50%"/></conditions></line><line number="138" hits="4024" branch="false"/></lines></method><method name="kk2::FormalPowerSeriesBase&lt;kk2::FormalPowerSeriesNTTFriendly&lt;kk2::LazyMontgomeryModInt&lt;998244353&gt; &gt;, kk2::LazyMontgomeryModInt&lt;998244353&gt; &gt;::operator&lt;&lt;=" signature="(int)" line-rate="1.0" branch-rate="0.5" complexity="0.0"><lines><line number="141" hits="4024" branch="false"/><line number="142" hits="4024" branch="true" condition-coverage="50% (2/4)"><conditions><condition number="0" type="jump" coverage="50%"/></conditions></line><line number="143" hits="4024" branch="false"/></lines></method><method name="kk2::FormalPowerSeriesBase&lt;kk2::FormalPowerSeriesNTTFriendly&lt;kk2::LazyMontgomeryModInt&lt;998244353&gt; &gt;, kk2::LazyMontgomeryModInt&lt;998244353&gt; &gt;::operator+" signature="(kk2::FormalPowerSeriesNTTFriendly&lt;kk2::LazyMontgomeryModInt&lt;998244353&gt; &gt; const&amp;) const" line-rate="1.0" branch-rate="0.5" complexity="0.0"><lines><line number="147" hits="18218" branch="true" condition-coverage="50% (3/6)"><conditions><condition number="0" type="jump" coverage="50%"/></conditions></line></lines></method><method name="kk2::FormalPowerSeriesBase&lt;kk2::FormalPowerSeriesNTTFriendly&lt;kk2::ModInt&lt;1000000007&gt; &gt;, kk2::ModInt&lt;1000000007&gt; &gt;::operator*" signature="(kk2::FormalPowerSeriesNTTFriendly&lt;kk2::ModInt&lt;1000000007&gt; &gt; const&amp;) const" line-rate="1.0" branch-rate="0.5" complexity="0.0"><lines><line number="152" hits="10" branch="true" condition-coverage="50% (3/6)"><conditions><condition number="0" type="jump" coverage="50%"/></conditions></line></lines></method><method name="kk2::FormalPowerSeriesBase&lt;kk2::FormalPowerSeriesNTTFriendly&lt;kk2::LazyMontgomeryModInt&lt;998244353&gt; &gt;, kk2::LazyMontgomeryModInt&lt;998244353&gt; &gt;::operator*" signature="(kk2::LazyMontgomeryModInt&lt;998244353&gt; const&amp;) const" line-rate="1.0" branch-rate="0.5" complexity="0.0"><lines><line number="153" hits="34314" branch="true" condition-coverage="50% (3/6)"><conditions><condition number="0" type="jump" coverage="50%"/></conditions></line></lines></method><method name="kk2::FormalPowerSeriesBase&lt;kk2::FormalPowerSeriesNTTFriendly&lt;kk2::LazyMontgomeryModInt&lt;998244353&gt; &gt;, kk2::LazyMontgomeryModInt&lt;998244353&gt; &gt;::operator&gt;&gt;" signature="(int) const" line-rate="1.0" branch-rate="0.5" complexity="0.0"><lines><line number="156" hits="8048" branch="true" condition-coverage="50% (3/6)"><conditions><condition number="0" type="jump" coverage="50%"/></conditions></line></lines></method><method name="kk2::FormalPowerSeriesBase&lt;kk2::FormalPowerSeriesNTTFriendly&lt;kk2::LazyMontgomeryModInt&lt;998244353&gt; &gt;, kk2::LazyMontgomeryModInt&lt;998244353&gt; &gt;::operator&lt;&lt;" signature="(int) const" line-rate="1.0" branch-rate="0.5" complexity="0.0"><lines><line number="157" hits="8048" branch="true" condition-coverage="50% (3/6)"><conditions><condition number="0" type="jump" coverage="50%"/></conditions></line></lines></method><method name="kk2::FormalPowerSeriesBase&lt;kk2::FormalPowerSeriesNTTFriendly&lt;kk2::LazyMontgomeryModInt&lt;998244353&gt; &gt;, kk2::LazyMontgomeryModInt&lt;998244353&gt; &gt;::operator-" signature="() const" line-rate="0.8" branch-rate="0.6666666666666666" complexity="0.0"><lines><line number="159" hits="28388" branch="false"/><line number="160" hits="28388" branch="true" condition-coverage="50% (1/2)"><conditions><condition number="0" type="jump" coverage="50%"/></conditions></line><line number="161" hits="255684" branch="true" condition-coverage="75% (3/4)"><conditions><condition number="0" type="jump" coverage="75%"/></conditions></line><line number="162" hits="28388" branch="false"/><line number="163" hits="0" branch="false"/></lines></method><method name="kk2::FormalPowerSeriesBase&lt;kk2::FormalPowerSeriesNTTFriendly&lt;kk2::LazyMontgomeryModInt&lt;998244353&gt; &gt;, kk2::LazyMontgomeryModInt&lt;998244353&gt; &gt;::inplace_rev" signature="()" line-rate="1.0" branch-rate="1.0" complexity="0.0"><lines><line number="169" hits="16096" branch="false"/><line number="170" hits="16096" branch="false"/><line number="171" hits="16096" branch="false"/></lines></method><method name="kk2::FormalPowerSeriesBase&lt;kk2::FormalPowerSeriesNTTFriendly&lt;kk2::LazyMontgomeryModInt&lt;998244353&gt; &gt;, kk2::LazyMontgomeryModInt&lt;998244353&gt; &gt;::inplace_dot" signature="(kk2::FormalPowerSeriesNTTFriendly&lt;kk2::LazyMontgomeryModInt&lt;998244353&gt; &gt; const&amp;)" line-rate="1.0" branch-rate="0.75" complexity="0.0"><lines><line number="174" hits="426474" branch="false"/><line number="175" hits="426474" branch="true" condition-coverage="50% (1/2)"><conditions><condition number="0" type="jump" coverage="50%"/></conditions></line><line number="176" hits="5763774" branch="true" condition-coverage="100% (2/2)"><conditions><condition number="0" type="jump" coverage="100%"/></conditions></line><line number="177" hits="426474" branch="false"/></lines></method><method name="kk2::FormalPowerSeriesBase&lt;kk2::FormalPowerSeriesNTTFriendly&lt;kk2::LazyMontgomeryModInt&lt;998244353&gt; &gt;, kk2::LazyMontgomeryModInt&lt;998244353&gt; &gt;::inplace_pre" signature="(int)" line-rate="1.0" branch-rate="1.0" complexity="0.0"><lines><line number="180" hits="84725" branch="false"/><line number="181" hits="84725" branch="false"/><line number="182" hits="84725" branch="false"/></lines></method><method name="kk2::FormalPowerSeriesBase&lt;kk2::FormalPowerSeriesNTTFriendly&lt;kk2::LazyMontgomeryModInt&lt;998244353&gt; &gt;, kk2::LazyMontgomeryModInt&lt;998244353&gt; &gt;::inplace_diff" signature="()" line-rate="1.0" branch-rate="0.6666666666666666" complexity="0.0"><lines><line number="185" hits="64824" branch="false"/><line number="186" hits="64824" branch="true" condition-coverage="50% (1/2)"><conditions><condition number="0" type="jump" coverage="50%"/></conditions></line><line number="187" hits="64824" branch="true" condition-coverage="50% (1/2)"><conditions><condition number="0" type="jump" coverage="50%"/></conditions></line><line number="188" hits="697984" branch="true" condition-coverage="100% (2/2)"><conditions><condition number="0" type="jump" coverage="100%"/></conditions></line><line number="189" hits="64824" branch="false"/></lines></method><method name="kk2::FormalPowerSeriesBase&lt;kk2::FormalPowerSeriesNTTFriendly&lt;kk2::LazyMontgomeryModInt&lt;998244353&gt; &gt;, kk2::LazyMontgomeryModInt&lt;998244353&gt; &gt;::inplace_int" signature="()" line-rate="1.0" branch-rate="0.625" complexity="0.0"><lines><line number="192" hits="36436" branch="false"/><line number="193" hits="36436" branch="false"/><line number="194" hits="36436" branch="true" condition-coverage="50% (2/4)"><conditions><condition number="0" type="jump" coverage="50%"/></conditions></line><line number="195" hits="697984" branch="true" condition-coverage="75% (3/4)"><conditions><condition number="0" type="jump" coverage="75%"/></conditions></line><line number="196" hits="36436" branch="false"/></lines></method><method name="kk2::FormalPowerSeriesBase&lt;kk2::FormalPowerSeriesNTTFriendly&lt;kk2::LazyMontgomeryModInt&lt;998244353&gt; &gt;, kk2::LazyMontgomeryModInt&lt;998244353&gt; &gt;::rev" signature="() const" line-rate="1.0" branch-rate="0.5" complexity="0.0"><lines><line number="200" hits="16096" branch="true" condition-coverage="50% (3/6)"><conditions><condition number="0" type="jump" coverage="50%"/></conditions></line></lines></method><method name="kk2::FormalPowerSeriesBase&lt;kk2::FormalPowerSeriesNTTFriendly&lt;kk2::LazyMontgomeryModInt&lt;998244353&gt; &gt;, kk2::LazyMontgomeryModInt&lt;998244353&gt; &gt;::dot" signature="(kk2::FormalPowerSeriesNTTFriendly&lt;kk2::LazyMontgomeryModInt&lt;998244353&gt; &gt; const&amp;) const" line-rate="1.0" branch-rate="0.5" complexity="0.0"><lines><line number="201" hits="28388" branch="true" condition-coverage="50% (3/6)"><conditions><condition number="0" type="jump" coverage="50%"/></conditions></line></lines></method><method name="kk2::FormalPowerSeriesBase&lt;kk2::FormalPowerSeriesNTTFriendly&lt;kk2::LazyMontgomeryModInt&lt;998244353&gt; &gt;, kk2::LazyMontgomeryModInt&lt;998244353&gt; &gt;::pre" signature="(int) const" line-rate="1.0" branch-rate="0.5" complexity="0.0"><lines><line number="202" hits="84725" branch="true" condition-coverage="50% (3/6)"><conditions><condition number="0" type="jump" coverage="50%"/></conditions></line></lines></method><method name="kk2::FormalPowerSeriesBase&lt;kk2::FormalPowerSeriesNTTFriendly&lt;kk2::LazyMontgomeryModInt&lt;998244353&gt; &gt;, kk2::LazyMontgomeryModInt&lt;998244353&gt; &gt;::diff" signature="() const" line-rate="1.0" branch-rate="0.5" complexity="0.0"><lines><line number="203" hits="36436" branch="true" condition-coverage="50% (3/6)"><conditions><condition number="0" type="jump" coverage="50%"/></conditions></line></lines></method><method name="kk2::FormalPowerSeriesBase&lt;kk2::FormalPowerSeriesNTTFriendly&lt;kk2::LazyMontgomeryModInt&lt;998244353&gt; &gt;, kk2::LazyMontgomeryModInt&lt;998244353&gt; &gt;::integral" signature="() const" line-rate="1.0" branch-rate="0.5" complexity="0.0"><lines><line number="204" hits="8048" branch="true" condition-
[...]
.0"><methods/><lines/></class><class name="macros_hpp" filename="template/macros.hpp" line-rate="1.0" branch-rate="1.0" complexity="0.0"><methods/><lines/></class><class name="procon_hpp" filename="template/procon.hpp" line-rate="1.0" branch-rate="1.0" complexity="0.0"><methods/><lines/></class><class name="simpleio_hpp" filename="template/simpleio.hpp" line-rate="1.0" branch-rate="1.0" complexity="0.0"><methods/><lines/></class><class name="template_hpp" filename="template/template.hpp" line-rate="0.14285714285714285" branch-rate="0.07142857142857142" complexity="0.0"><methods><method name="Yes" signature="(bool)" line-rate="0.0" branch-rate="0.0" complexity="0.0"><lines><line number="37" hits="0" branch="true" condition-coverage="0% (0/2)"><conditions><condition number="0" type="jump" coverage="0%"/></conditions></line></lines></method><method name="No" signature="(bool)" line-rate="0.0" branch-rate="0.0" complexity="0.0"><lines><line number="38" hits="0" branch="true" condition-coverage="0% (0/2)"><conditions><condition number="0" type="jump" coverage="0%"/></conditions></line></lines></method><method name="YES" signature="(bool)" line-rate="0.0" branch-rate="0.0" complexity="0.0"><lines><line number="39" hits="0" branch="true" condition-coverage="0% (0/2)"><conditions><condition number="0" type="jump" coverage="0%"/></conditions></line></lines></method><method name="NO" signature="(bool)" line-rate="0.0" branch-rate="0.0" complexity="0.0"><lines><line number="40" hits="0" branch="true" condition-coverage="0% (0/2)"><conditions><condition number="0" type="jump" coverage="0%"/></conditions></line></lines></method><method name="yes" signature="(bool)" line-rate="0.0" branch-rate="0.0" complexity="0.0"><lines><line number="41" hits="0" branch="true" condition-coverage="0% (0/2)"><conditions><condition number="0" type="jump" coverage="0%"/></conditions></line></lines></method><method name="no" signature="(bool)" line-rate="0.0" branch-rate="0.0" complexity="0.0"><lines><line number="42" hits="0" branch="true" condition-coverage="0% (0/2)"><conditions><condition number="0" type="jump" coverage="0%"/></conditions></line></lines></method><method name="bool chmax&lt;long long, int&gt;" signature="(long long&amp;, int const&amp;)" line-rate="1.0" branch-rate="0.5" complexity="0.0"><lines><line number="43" hits="200" branch="true" condition-coverage="50% (1/2)"><conditions><condition number="0" type="jump" coverage="50%"/></conditions></line></lines></method></methods><lines><line number="37" hits="0" branch="true" condition-coverage="0% (0/2)"><conditions><condition number="0" type="jump" coverage="0%"/></conditions></line><line number="38" hits="0" branch="true" condition-coverage="0% (0/2)"><conditions><condition number="0" type="jump" coverage="0%"/></conditions></line><line number="39" hits="0" branch="true" condition-coverage="0% (0/2)"><conditions><condition number="0" type="jump" coverage="0%"/></conditions></line><line number="40" hits="0" branch="true" condition-coverage="0% (0/2)"><conditions><condition number="0" type="jump" coverage="0%"/></conditions></line><line number="41" hits="0" branch="true" condition-coverage="0% (0/2)"><conditions><condition number="0" type="jump" coverage="0%"/></conditions></line><line number="42" hits="0" branch="true" condition-coverage="0% (0/2)"><conditions><condition number="0" type="jump" coverage="0%"/></conditions></line><line number="43" hits="200" branch="true" condition-coverage="50% (1/2)"><conditions><condition number="0" type="jump" coverage="50%"/></conditions></line></lines></class><class name="type_alias_hpp" filename="template/type_alias.hpp" line-rate="1.0" branch-rate="1.0" complexity="0.0"><methods/><lines/></class></classes></package><package name="type_traits" line-rate="1.0" branch-rate="1.0" complexity="0.0"><classes><class name="algebra_hpp" filename="type_traits/algebra.hpp" line-rate="1.0" branch-rate="1.0" complexity="0.0"><methods/><lines/></class><class name="container_traits_hpp" filename="type_traits/container_traits.hpp" line-rate="1.0" branch-rate="1.0" complexity="0.0"><methods/><lines/></class><class name="fps_hpp" filename="type_traits/fps.hpp" line-rate="1.0" branch-rate="1.0" complexity="0.0"><methods/><lines/></class><class name="functional_hpp" filename="type_traits/functional.hpp" line-rate="1.0" branch-rate="1.0" complexity="0.0"><methods/><lines/></class><class name="graph_hpp" filename="type_traits/graph.hpp" line-rate="1.0" branch-rate="1.0" complexity="0.0"><methods/><lines/></class><class name="integral_hpp" filename="type_traits/integral.hpp" line-rate="1.0" branch-rate="1.0" complexity="0.0"><methods/><lines/></class><class name="io_hpp" filename="type_traits/io.hpp" line-rate="1.0" branch-rate="1.0" complexity="0.0"><methods/><lines/></class><class name="member_hpp" filename="type_traits/member.hpp" line-rate="1.0" branch-rate="1.0" complexity="0.0"><methods/><lines/></class><class name="operator_hpp" filename="type_traits/operator.hpp" line-rate="1.0" branch-rate="1.0" complexity="0.0"><methods/><lines/></class></classes></package><package name="unionfind" line-rate="1.0" branch-rate="0.8" complexity="0.0"><classes><class name="parallel_hpp" filename="unionfind/parallel.hpp" line-rate="1.0" branch-rate="1.0" complexity="0.0"><methods/><lines/></class><class name="partial_persistent_hpp" filename="unionfind/partial_persistent.hpp" line-rate="1.0" branch-rate="0.75" complexity="0.0"><methods><method name="kk2::PartialPersistentUnionFind::d_time::d_time" signature="(int, int)" line-rate="1.0" branch-rate="1.0" complexity="0.0"><lines><line number="17" hits="1951935" branch="false"/></lines></method><method name="kk2::PartialPersistentUnionFind::size_time::size_time" signature="(int, int)" line-rate="1.0" branch-rate="1.0" complexity="0.0"><lines><line number="24" hits="1804419" branch="false"/></lines></method><method name="kk2::PartialPersistentUnionFind::size_time::operator&lt;" signature="(kk2::PartialPersistentUnionFind::size_time const&amp;) const" line-rate="1.0" branch-rate="1.0" complexity="0.0"><lines><line number="26" hits="1299127" branch="false"/></lines></method><method name="kk2::PartialPersistentUnionFind::PartialPersistentUnionFind" signature="(int)" line-rate="1.0" branch-rate="0.625" complexity="0.0"><lines><line number="33" hits="200" branch="false"/><line number="34" hits="200" branch="false"/><line number="35" hits="400" branch="true" condition-coverage="50% (1/2)"><conditions><condition number="0" type="jump" coverage="50%"/></conditions></line><line number="36" hits="400" branch="true" condition-coverage="50% (1/2)"><conditions><condition number="0" type="jump" coverage="50%"/></conditions></line><line number="37" hits="976271" branch="true" condition-coverage="100% (2/2)"><conditions><condition number="0" type="jump" coverage="100%"/></conditions></line><line number="38" hits="976071" branch="false"/><line number="39" hits="976071" branch="true" condition-coverage="50% (1/2)"><conditions><condition number="0" type="jump" coverage="50%"/></conditions></line><line number="41" hits="200" branch="false"/></lines></method><method name="kk2::PartialPersistentUnionFind::same" signature="(int, int, int)" line-rate="1.0" branch-rate="1.0" complexity="0.0"><lines><line number="43" hits="200000" branch="false"/></lines></method><method name="kk2::PartialPersistentUnionFind::unite" signature="(int, int, int)" line-rate="1.0" branch-rate="0.875" complexity="0.0"><lines><line number="45" hits="10076367" branch="false"/><line number="46" hits="10076367" branch="true" condition-coverage="50% (1/2)"><conditions><condition number="0" type="jump" coverage="50%"/></conditions></line><line number="47" hits="10076367" branch="false"/><line number="48" hits="10076367" branch="false"/><line number="49" hits="10076367" branch="true" condition-coverage="100% (2/2)"><conditions><condition number="0" type="jump" coverage="100%"/></conditions></line><line number="50" hits="975864" branch="true" condition-coverage="100% (2/2)"><conditions><condition number="0" type="jump" coverage="100%"/></conditions></line><line number="51" hits="975864" branch="false"/><line number="52" hits="975864" branch="false"/><line number="53" hits="975864" branch="true" condition-coverage="100% (2/2)"><conditions><condition number="0" type="jump" coverage="100%"/></conditions></line><line number="54" hits="628348" branch="false"/><line number="55" hits="975864" branch="false"/><line number="56" hits="975864" branch="false"/></lines></method><method name="kk2::PartialPersistentUnionFind::find" signature="(int, int)" line-rate="1.0" branch-rate="1.0" complexity="0.0"><lines><line number="59" hits="20752734" branch="false"/><line number="60" hits="58484025" branch="true" condition-coverage="100% (2/2)"><conditions><condition number="0" type="jump" coverage="100%"/></conditions></line><line number="61" hits="20752734" branch="false"/></lines></method><method name="kk2::PartialPersistentUnionFind::size" signature="(int, int)" line-rate="1.0" branch-rate="0.5" complexity="0.0"><lines><line number="64" hits="200000" branch="false"/><line number="65" hits="200000" branch="false"/><line number="66" hits="200000" branch="true" condition-coverage="50% (1/2)"><conditions><condition number="0" type="jump" coverage="50%"/></conditions></line><line number="67" hits="200000" branch="false"/></lines></method></methods><lines><line number="17" hits="1951935" branch="false"/><line number="24" hits="1804419" branch="false"/><line number="26" hits="1299127" branch="false"/><line number="33" hits="200" branch="false"/><line number="34" hits="200" branch="false"/><line number="35" hits="400" branch="true" condition-coverage="50% (1/2)"><conditions><condition number="0" type="jump" coverage="50%"/></conditions></line><line number="36" hits="400" branch="true" condition-coverage="50% (1/2)"><conditions><condition number="0" type="jump" coverage="50%"/></conditions></line><line number="37" hits="976271" branch="true" condition-coverage="100% (2/2)"><conditions><condition number="0" type="jump" coverage="100%"/></conditions></line><line number="38" hits="976071" branch="false"/><line number="39" hits="976071" branch="true" condition-coverage="50% (1/2)"><conditions><condition number="0" type="jump" coverage="50%"/></conditions></line><line number="41" hits="200" branch="false"/><line number="43" hits="200000" branch="false"/><line number="45" hits="10076367" branch="false"/><line number="46" hits="10076367" branch="true" condition-coverage="50% (1/2)"><conditions><condition number="0" type="jump" coverage="50%"/></conditions></line><line number="47" hits="10076367" branch="false"/><line number="48" hits="10076367" branch="false"/><line number="49" hits="10076367" branch="true" condition-coverage="100% (2/2)"><conditions><condition number="0" type="jump" coverage="100%"/></conditions></line><line number="50" hits="975864" branch="true" condition-coverage="100% (2/2)"><conditions><condition number="0" type="jump" coverage="100%"/></conditions></line><line number="51" hits="975864" branch="false"/><line number="52" hits="975864" branch="false"/><line number="53" hits="975864" branch="true" condition-coverage="100% (2/2)"><conditions><condition number="0" type="jump" coverage="100%"/></conditions></line><line number="54" hits="628348" branch="false"/><line number="55" hits="975864" branch="false"/><line number="56" hits="975864" branch="false"/><line number="59" hits="20752734" branch="false"/><line number="60" hits="58484025" branch="true" condition-coverage="100% (2/2)"><conditions><condition number="0" type="jump" coverage="100%"/></conditions></line><line number="61" hits="20752734" branch="false"/><line number="64" hits="200000" branch="false"/><line number="65" hits="200000" branch="false"/><line number="66" hits="200000" branch="true" condition-coverage="50% (1/2)"><conditions><condition number="0" type="jump" coverage="50%"/></conditions></line><line number="67" hits="200000" branch="false"/></lines></class><class name="potentialized_hpp" filename="unionfind/potentialized.hpp" line-rate="1.0" branch-rate="1.0" complexity="0.0"><methods/><lines/></class><class name="rollback_hpp" filename="unionfind/rollback.hpp" line-rate="1.0" branch-rate="0.8333333333333334" complexity="0.0"><methods><method name="kk2::RollbackableUnionFind::RollbackableUnionFind" signature="(int)" line-rate="1.0" branch-rate="0.5" complexity="0.0"><lines><line number="14" hits="400" branch="true" condition-coverage="50% (1/2)"><conditions><condition number="0" type="jump" coverage="50%"/></conditions></line></lines></method><method name="kk2::RollbackableUnionFind::same" signature="(int, int)" line-rate="1.0" branch-rate="1.0" complexity="0.0"><lines><line number="16" hits="50105" branch="false"/></lines></method><method name="kk2::RollbackableUnionFind::unite" signature="(int, int)" line-rate="1.0" branch-rate="1.0" complexity="0.0"><lines><line number="18" hits="365742" branch="false"/><line number="19" hits="365742" branch="false"/><line number="20" hits="365742" branch="true" condition-coverage="100% (2/2)"><conditions><condition number="0" type="jump" coverage="100%"/></conditions></line><line number="21" hits="365468" branch="true" condition-coverage="100% (2/2)"><conditions><condition number="0" type="jump" coverage="100%"/></conditions></line><line number="22" hits="365468" branch="false"/><line number="23" hits="365468" branch="false"/><line number="24" hits="365468" branch="false"/><line number="25" hits="365468" branch="false"/><line number="26" hits="365468" branch="false"/></lines></method><method name="kk2::RollbackableUnionFind::find" signature="(int)" line-rate="1.0" branch-rate="1.0" complexity="0.0"><lines><line number="29" hits="891872" branch="false"/><line number="30" hits="891872" branch="true" condition-coverage="100% (2/2)"><conditions><condition number="0" type="jump" coverage="100%"/></conditions></line><line number="31" hits="10342" branch="false"/></lines></method><method name="kk2::RollbackableUnionFind::size" signature="(int)" line-rate="1.0" branch-rate="1.0" complexity="0.0"><lines><line number="34" hits="49836" branch="false"/></lines></method><method name="kk2::RollbackableUnionFind::snapshot" signature="()" line-rate="1.0" branch-rate="0.5" complexity="0.0"><lines><line number="36" hits="3476600" branch="true" condition-coverage="50% (1/2)"><conditions><condition number="0" type="jump" coverage="50%"/></conditions></line></lines></method><method name="kk2::RollbackableUnionFind::rollback" signature="()" line-rate="1.0" branch-rate="1.0" complexity="0.0"><lines><line number="38" hits="3476600" branch="false"/><line number="39" hits="4207536" branch="true" condition-coverage="100% (2/2)"><conditions><condition number="0" type="jump" coverage="100%"/></conditions></line><line number="40" hits="730936" branch="false"/><line number="41" hits="730936" branch="false"/><line number="42" hits="730936" branch="false"/><line number="44" hits="3476600" branch="false"/><line number="45" hits="3476600" branch="false"/></lines></method></methods><lines><line number="14" hits="400" branch="true" condition-coverage="50% (1/2)"><conditions><condition number="0" type="jump" coverage="50%"/></conditions></line><line number="16" hits="50105" branch="false"/><line number="18" hits="365742" branch="false"/><line number="19" hits="365742" branch="false"/><line number="20" hits="365742" branch="true" condition-coverage="100% (2/2)"><conditions><condition number="0" type="jump" coverage="100%"/></conditions></line><line number="21" hits="365468" branch="true" condition-coverage="100% (2/2)"><conditions><condition number="0" type="jump" coverage="100%"/></conditions></line><line number="22" hits="365468" branch="false"/><line number="23" hits="365468" branch="false"/><line number="24" hits="365468" branch="false"/><line number="25" hits="365468" branch="false"/><line number="26" hits="365468" branch="false"/><line number="29" hits="891872" branch="false"/><line number="30" hits="891872" branch="true" condition-coverage="100% (2/2)"><conditions><condition number="0" type="jump" coverage="100%"/></conditions></line><line number="31" hits="10342" branch="false"/><line number="34" hits="49836" branch="false"/><line number="36" hits="3476600" branch="true" condition-coverage="50% (1/2)"><conditions><condition number="0" type="jump" coverage="50%"/></conditions></line><line number="38" hits="3476600" branch="false"/><line number="39" hits="4207536" branch="true" condition-coverage="100% (2/2)"><conditions><condition number="0" type="jump" coverage="100%"/></conditions></line><line number="40" hits="730936" branch="false"/><line number="41" hits="730936" branch="false"/><line number="42" hits="730936" branch="false"/><line number="44" hits="3476600" branch="false"/><line number="45" hits="3476600" branch="false"/></lines></class><class name="unionfind_hpp" filename="unionfind/unionfind.hpp" line-rate="1.0" branch-rate="0.875" complexity="0.0"><methods><method name="kk2::UnionFind::UnionFind" signature="(int)" line-rate="1.0" branch-rate="0.5" complexity="0.0"><lines><line number="12" hits="200282" branch="true" condition-coverage="50% (1/2)"><conditions><condition number="0" type="jump" coverage="50%"/></conditions></line></lines></method><method name="kk2::UnionFind::same" signature="(int, int)" line-rate="1.0" branch-rate="1.0" complexity="0.0"><lines><line number="14" hits="250105" branch="false"/></lines></method><method name="kk2::UnionFind::unite" signature="(int, int)" line-rate="1.0" branch-rate="1.0" complexity="0.0"><lines><line number="16" hits="18401069" branch="false"/><line number="17" hits="18401069" branch="false"/><line number="18" hits="18401069" branch="true" condition-coverage="100% (2/2)"><conditions><condition number="0" type="jump" coverage="100%"/></conditions></line><line number="19" hits="9294333" branch="true" condition-coverage="100% (2/2)"><conditions><condition number="0" type="jump" coverage="100%"/></conditions></line><line number="20" hits="9294333" branch="false"/><line number="21" hits="9294333" branch="false"/><line number="22" hits="9294333" branch="false"/></lines></method><method name="kk2::UnionFind::find" signature="(int)" line-rate="1.0" branch-rate="1.0" complexity="0.0"><lines><line number="35" hits="57912896" branch="false"/><line number="36" hits="57912896" branch="true" condition-coverage="100% (2/2)"><conditions><condition number="0" type="jump" coverage="100%"/></conditions></line><line number="37" hits="20360712" branch="false"/></lines></method><method name="kk2::UnionFind::size" signature="(int)" line-rate="1.0" branch-rate="1.0" complexity="0.0"><lines><line number="40" hits="249836" branch="false"/></lines></method></methods><lines><line number="12" hits="200282" branch="true" condition-coverage="50% (1/2)"><conditions><condition number="0" type="jump" coverage="50%"/></conditions></line><line number="14" hits="250105" branch="false"/><line number="16" hits="18401069" branch="false"/><line number="17" hits="18401069" branch="false"/><line number="18" hits="18401069" branch="true" condition-coverage="100% (2/2)"><conditions><condition number="0" type="jump" coverage="100%"/></conditions></line><line number="19" hits="9294333" branch="true" condition-coverage="100% (2/2)"><conditions><condition number="0" type="jump" coverage="100%"/></conditions></line><line number="20" hits="9294333" branch="false"/><line number="21" hits="9294333" branch="false"/><line number="22" hits="9294333" branch="false"/><line number="35" hits="57912896" branch="false"/><line number="36" hits="57912896" branch="true" condition-coverage="100% (2/2)"><conditions><condition number="0" type="jump" coverage="100%"/></conditions></line><line number="37" hits="20360712" branch="false"/><line number="40" hits="249836" branch="false"/></lines></class></classes></package></packages></coverage>