<?xml version='1.0' encoding='utf-8'?>
<!DOCTYPE coverage SYSTEM 'http://cobertura.sourceforge.net/xml/coverage-04.dtd'>
<coverage line-rate="0.9253261358524516" branch-rate="0.64419795221843" lines-covered="2057" lines-valid="2223" branches-covered="1510" branches-valid="2344" complexity="0.0" timestamp="1788889090" version="gcovr 8.6"><sources><source>/home/runner/work/library/library</source></sources><packages><package name="bbst" line-rate="1.0" branch-rate="1.0" complexity="0.0"><classes><class name="lazy_red_black_tree_hpp" filename="bbst/lazy_red_black_tree.hpp" line-rate="1.0" branch-rate="1.0" complexity="0.0"><methods/><lines/></class><class name="persistent_lazy_red_black_tree_hpp" filename="bbst/persistent_lazy_red_black_tree.hpp" line-rate="1.0" branch-rate="1.0" complexity="0.0"><methods/><lines/></class><class name="red_black_tree_hpp" filename="bbst/red_black_tree.hpp" line-rate="1.0" branch-rate="1.0" complexity="0.0"><methods/><lines/></class><class name="splay_tree_hpp" filename="bbst/splay_tree.hpp" line-rate="1.0" branch-rate="1.0" complexity="0.0"><methods/><lines/></class></classes></package><package name="bbst.base" line-rate="1.0" branch-rate="1.0" complexity="0.0"><classes><class name="lazy_red_black_tree_node_hpp" filename="bbst/base/lazy_red_black_tree_node.hpp" line-rate="1.0" branch-rate="1.0" complexity="0.0"><methods/><lines/></class><class name="red_black_tree_base_hpp" filename="bbst/base/red_black_tree_base.hpp" line-rate="1.0" branch-rate="1.0" complexity="0.0"><methods/><lines/></class><class name="red_black_tree_node_hpp" filename="bbst/base/red_black_tree_node.hpp" line-rate="1.0" branch-rate="1.0" complexity="0.0"><methods/><lines/></class></classes></package><package name="bigint" line-rate="1.0" branch-rate="1.0" complexity="0.0"><classes><class name="int256_hpp" filename="bigint/int256.hpp" line-rate="1.0" branch-rate="1.0" complexity="0.0"><methods/><lines/></class></classes></package><package name="bit" line-rate="1.0" branch-rate="0.5" complexity="0.0"><classes><class name="bitcount_hpp" filename="bit/bitcount.hpp" line-rate="1.0" branch-rate="0.5" complexity="0.0"><methods><method name="int kk2::clz&lt;int&gt;" signature="(int)" line-rate="1.0" branch-rate="0.5" complexity="0.0"><lines><line number="30" hits="10" branch="false"/><line number="31" hits="10" branch="true" condition-coverage="50% (1/2)"><conditions><condition number="0" type="jump" coverage="50%"/></conditions></line><line number="34" hits="10" branch="false"/></lines></method><method name="int kk2::clz&lt;long long&gt;" signature="(long long)" line-rate="1.0" branch-rate="0.5" complexity="0.0"><lines><line number="30" hits="200" branch="false"/><line number="31" hits="200" branch="true" condition-coverage="50% (1/2)"><conditions><condition number="0" type="jump" coverage="50%"/></conditions></line><line number="36" hits="200" branch="false"/></lines></method><method name="int kk2::msb&lt;int&gt;" signature="(int)" line-rate="1.0" branch-rate="0.5" complexity="0.0"><lines><line number="43" hits="10" branch="false"/><line number="44" hits="10" branch="true" condition-coverage="50% (1/2)"><conditions><condition number="0" type="jump" coverage="50%"/></conditions></line><line number="46" hits="10" branch="false"/></lines></method><method name="int kk2::msb&lt;long long&gt;" signature="(long long)" line-rate="1.0" branch-rate="0.5" complexity="0.0"><lines><line number="43" hits="200" branch="false"/><line number="44" hits="200" branch="true" condition-coverage="50% (1/2)"><conditions><condition number="0" type="jump" coverage="50%"/></conditions></line><line number="46" hits="200" branch="false"/></lines></method><method name="int kk2::popcount&lt;unsigned long long&gt;" signature="(unsigned long long)" line-rate="1.0" branch-rate="1.0" complexity="0.0"><lines><line number="49" hits="61931805" branch="false"/><line number="54" hits="61931805" branch="false"/></lines></method></methods><lines><line number="30" hits="10" branch="false"/><line number="30" hits="200" branch="false"/><line number="31" hits="10" branch="true" condition-coverage="50% (1/2)"><conditions><condition number="0" type="jump" coverage="50%"/></conditions></line><line number="31" hits="200" branch="true" condition-coverage="50% (1/2)"><conditions><condition number="0" type="jump" coverage="50%"/></conditions></line><line number="34" hits="10" branch="false"/><line number="36" hits="200" branch="false"/><line number="43" hits="10" branch="false"/><line number="43" hits="200" branch="false"/><line number="44" hits="10" branch="true" condition-coverage="50% (1/2)"><conditions><condition number="0" type="jump" coverage="50%"/></conditions></line><line number="44" hits="200" branch="true" condition-coverage="50% (1/2)"><conditions><condition number="0" type="jump" coverage="50%"/></conditions></line><line number="46" hits="10" branch="false"/><line number="46" hits="200" branch="false"/><line number="49" hits="61931805" branch="false"/><line number="54" hits="61931805" branch="false"/></lines></class></classes></package><package name="convolution" line-rate="0.8529411764705882" branch-rate="0.6071428571428571" complexity="0.0"><classes><class name="convolution_and_hpp" filename="convolution/convolution_and.hpp" line-rate="1.0" branch-rate="1.0" complexity="0.0"><methods/><lines/></class><class name="convolution_arb_hpp" filename="convolution/convolution_arb.hpp" line-rate="1.0" branch-rate="1.0" complexity="0.0"><methods/><lines/></class><class name="convolution_gcd_hpp" filename="convolution/convolution_gcd.hpp" line-rate="1.0" branch-rate="1.0" complexity="0.0"><methods/><lines/></class><class name="convolution_hpp" filename="convolution/convolution.hpp" line-rate="0.8529411764705882" branch-rate="0.6071428571428571" complexity="0.0"><methods><method name="kk2::FormalPowerSeriesNTTFriendly&lt;kk2::ModInt&lt;1000000007&gt; &gt; kk2::convolution&lt;kk2::FormalPowerSeriesNTTFriendly&lt;kk2::ModInt&lt;1000000007&gt; &gt;, kk2::ModInt&lt;1000000007&gt; &gt;" signature="(kk2::FormalPowerSeriesNTTFriendly&lt;kk2::ModInt&lt;1000000007&gt; &gt;&amp;, kk2::FormalPowerSeriesNTTFriendly&lt;kk2::ModInt&lt;1000000007&gt; &gt; const&amp;)" line-rate="0.8529411764705882" branch-rate="0.6071428571428571" complexity="0.0"><lines><line number="12" hits="10" branch="false"/><line number="13" hits="10" branch="false"/><line number="14" hits="10" branch="true" condition-coverage="50% (2/4)"><conditions><condition number="0" type="jump" coverage="50%"/></conditions></line><line number="15" hits="0" branch="false"/><line number="16" hits="0" branch="false"/><line number="18" hits="10" branch="true" condition-coverage="100% (2/2)"><conditions><condition number="0" type="jump" coverage="100%"/></conditions></line><line number="19" hits="18" branch="true" condition-coverage="50% (2/4)"><conditions><condition number="0" type="jump" coverage="50%"/></conditions></line><line number="20" hits="6" branch="false"/><line number="21" hits="69" branch="true" condition-coverage="100% (2/2)"><conditions><condition number="0" type="jump" coverage="100%"/></conditions></line><line number="22" hits="63" branch="true" condition-coverage="50% (2/4)"><conditions><condition number="0" type="jump" coverage="50%"/></conditions></line><line number="23" hits="252" branch="true" condition-coverage="100% (2/2)"><conditions><condition number="0" type="jump" coverage="100%"/></conditions></line><line number="24" hits="246" branch="true" condition-coverage="50% (2/4)"><conditions><condition number="0" type="jump" coverage="50%"/></conditions></line><line number="25" hits="6" branch="true" condition-coverage="50% (2/4)"><conditions><condition number="0" type="jump" coverage="50%"/></conditions></line><line number="26" hits="6" branch="true" condition-coverage="50% (1/2)"><conditions><condition number="0" type="jump" coverage="50%"/></conditions></line><line number="27" hits="69" branch="true" condition-coverage="100% (2/2)"><conditions><condition number="0" type="jump" coverage="100%"/></conditions></line><line number="28" hits="5460" branch="true" condition-coverage="75% (3/4)"><conditions><condition number="0" type="jump" coverage="75%"/></conditions></line><line number="29" hits="6" branch="true" condition-coverage="50% (2/4)"><conditions><condition number="0" type="jump" coverage="50%"/></conditions></line><line number="30" hits="6" branch="false"/><line number="32" hits="4" branch="false"/><line number="33" hits="55" branch="true" condition-coverage="100% (2/2)"><conditions><condition number="0" type="jump" coverage="100%"/></conditions></line><line number="34" hits="4" branch="true" condition-coverage="50% (1/2)"><conditions><condition number="0" type="jump" coverage="50%"/></conditions></line><line number="35" hits="0" branch="false"/><line number="36" hits="0" branch="false"/><line number="37" hits="0" branch="true" condition-coverage="0% (0/2)"><conditions><condition number="0" type="jump" coverage="0%"/></conditions></line><line number="39" hits="4" branch="true" condition-coverage="50% (1/2)"><conditions><condition number="0" type="jump" coverage="50%"/></conditions></line><line number="40" hits="4" branch="true" condition-coverage="50% (1/2)"><conditions><condition number="0" type="jump" coverage="50%"/></conditions></line><line number="41" hits="4" branch="true" condition-coverage="50% (1/2)"><conditions><condition number="0" type="jump" coverage="50%"/></conditions></line><line number="42" hits="4" branch="true" condition-coverage="50% (1/2)"><conditions><condition number="0" type="jump" coverage="50%"/></conditions></line><line number="43" hits="4" branch="true" condition-coverage="50% (1/2)"><conditions><condition number="0" type="jump" coverage="50%"/></conditions></line><line number="44" hits="2100740" branch="true" condition-coverage="100% (2/2)"><conditions><condition number="0" type="jump" coverage="100%"/></conditions></line><line number="45" hits="4" branch="false"/><line number="46" hits="4" branch="false"/><line number="47" hits="4" branch="false"/><line number="48" hits="4" branch="false"/></lines></method></methods><lines><line number="12" hits="10" branch="false"/><line number="13" hits="10" branch="false"/><line number="14" hits="10" branch="true" condition-coverage="50% (2/4)"><conditions><condition number="0" type="jump" coverage="50%"/></conditions></line><line number="15" hits="0" branch="false"/><line number="16" hits="0" branch="false"/><line number="18" hits="10" branch="true" condition-coverage="100% (2/2)"><conditions><condition number="0" type="jump" coverage="100%"/></conditions></line><line number="19" hits="18" branch="true" condition-coverage="50% (2/4)"><conditions><condition number="0" type="jump" coverage="50%"/></conditions></line><line number="20" hits="6" branch="false"/><line number="21" hits="69" branch="true" condition-coverage="100% (2/2)"><conditions><condition number="0" type="jump" coverage="100%"/></conditions></line><line number="22" hits="63" branch="true" condition-coverage="50% (2/4)"><conditions><condition number="0" type="jump" coverage="50%"/></conditions></line><line number="23" hits="252" branch="true" condition-coverage="100% (2/2)"><conditions><condition number="0" type="jump" coverage="100%"/></conditions></line><line number="24" hits="246" branch="true" condition-coverage="50% (2/4)"><conditions><condition number="0" type="jump" coverage="50%"/></conditions></line><line number="25" hits="6" branch="true" condition-coverage="50% (2/4)"><conditions><condition number="0" type="jump" coverage="50%"/></conditions></line><line number="26" hits="6" branch="true" condition-coverage="50% (1/2)"><conditions><condition number="0" type="jump" coverage="50%"/></conditions></line><line number="27" hits="69" branch="true" condition-coverage="100% (2/2)"><conditions><condition number="0" type="jump" coverage="100%"/></conditions></line><line number="28" hits="5460" branch="true" condition-coverage="75% (3/4)"><conditions><condition number="0" type="jump" coverage="75%"/></conditions></line><line number="29" hits="6" branch="true" condition-coverage="50% (2/4)"><conditions><condition number="0" type="jump" coverage="50%"/></conditions></line><line number="30" hits="6" branch="false"/><line number="32" hits="4" branch="false"/><line number="33" hits="55" branch="true" condition-coverage="100% (2/2)"><conditions><condition number="0" type="jump" coverage="100%"/></conditions></line><line number="34" hits="4" branch="true" condition-coverage="50% (1/2)"><conditions><condition number="0" type="jump" coverage="50%"/></conditions></line><line number="35" hits="0" branch="false"/><line number="36" hits="0" branch="false"/><line number="37" hits="0" branch="true" condition-coverage="0% (0/2)"><conditions><condition number="0" type="jump" coverage="0%"/></conditions></line><line number="39" hits="4" branch="true" condition-coverage="50% (1/2)"><conditions><condition number="0" type="jump" coverage="50%"/></conditions></line><line number="40" hits="4" branch="true" condition-coverage="50% (1/2)"><conditions><condition number="0" type="jump" coverage="50%"/></conditions></line><line number="41" hits="4" branch="true" condition-coverage="50% (1/2)"><conditions><condition number="0" type="jump" coverage="50%"/></conditions></line><line number="42" hits="4" branch="true" condition-coverage="50% (1/2)"><conditions><condition number="0" type="jump" coverage="50%"/></conditions></line><line number="43" hits="4" branch="true" condition-coverage="50% (1/2)"><conditions><condition number="0" type="jump" coverage="50%"/></conditions></line><line number="44" hits="2100740" branch="true" condition-coverage="100% (2/2)"><conditions><condition number="0" type="jump" coverage="100%"/></conditions></line><line number="45" hits="4" branch="false"/><line number="46" hits="4" branch="false"/><line number="47" hits="4" branch="false"/><line number="48" hits="4" branch="false"/></lines></class><class name="convolution_int_hpp" filename="convolution/convolution_int.hpp" line-rate="1.0" branch-rate="1.0" complexity="0.0"><methods/><lines/></class><class name="convolution_lcm_hpp" filename="convolution/convolution_lcm.hpp" line-rate="1.0" branch-rate="1.0" complexity="0.0"><methods/><lines/></class><class name="convolution_or_hpp" filename="convolution/convolution_or.hpp" line-rate="1.0" branch-rate="1.0" complexity="0.0"><methods/><lines/></class><class name="convolution_subset_hpp" filename="convolution/convolution_subset.hpp" line-rate="1.0" branch-rate="1.0" complexity="0.0"><methods/><lines/></class><class name="convolution_xor_hpp" filename="convolution/convolution_xor.hpp" line-rate="1.0" branch-rate="1.0" complexity="0.0"><methods/><lines/></class><class name="divisor_multiple_transform_hpp" filename="convolution/divisor_multiple_transform.hpp" line-rate="1.0" branch-rate="1.0" complexity="0.0"><methods/><lines/></class><class name="multi_convolution_truncated_hpp" filename="convolution/multi_convolution_truncated.hpp" line-rate="1.0" branch-rate="1.0" complexity="0.0"><methods/><lines/></class><class name="walsh_hadamard_transform_hpp" filename="convolution/walsh_hadamard_transform.hpp" line-rate="1.0" branch-rate="1.0" complexity="0.0"><methods/><lines/></class><class name="zeta_mobius_transfrom_hpp" filename="convolution/zeta_mobius_transfrom.hpp" line-rate="1.0" branch-rate="1.0" complexity="0.0"><methods/><lines/></class></classes></package><package name="data_structure" line-rate="1.0" branch-rate="0.823943661971831" complexity="0.0"><classes><class name="binary_indexed_tree_abstract_hpp" filename="data_structure/binary_indexed_tree_abstract.hpp" line-rate="1.0" branch-rate="1.0" complexity="0.0"><methods/><lines/></class><class name="binary_indexed_tree_hpp" filename="data_structure/binary_indexed_tree.hpp" line-rate="1.0" branch-rate="1.0" complexity="0.0"><methods/><lines/></class><class name="binary_trie_hpp" filename="data_structure/binary_trie.hpp" line-rate="1.0" branch-rate="1.0" complexity="0.0"><methods/><lines/></class><class name="bit_vector_hpp" filename="data_structure/bit_vector.hpp" line-rate="1.0" branch-rate="0.8888888888888888" complexity="0.0"><methods><method name="kk2::BitVector::BitVector" signature="(int)" line-rate="1.0" branch-rate="0.5" complexity="0.0"><lines><line number="19" hits="11000" branch="true" condition-coverage="50% (2/4)"><conditions><condition number="0" type="jump" coverage="50%"/></conditions></line></lines></method><method name="kk2::BitVector::set" signature="(int)" line-rate="1.0" branch-rate="1.0" complexity="0.0"><lines><line number="21" hits="19456255" branch="false"/></lines></method><method name="kk2::BitVector::build" signature="()" line-rate="1.0" branch-rate="1.0" complexity="0.0"><lines><line number="23" hits="8356" branch="false"/><line number="24" hits="618511" branch="true" condition-coverage="100% (2/2)"><conditions><condition number="0" type="jump" coverage="100%"/></conditions></line><line number="25" hits="8356" branch="false"/><line number="26" hits="8356" branch="false"/></lines></method><method name="kk2::BitVector::rank0" signature="(int) const" line-rate="1.0" branch-rate="1.0" complexity="0.0"><lines><line number="30" hits="30865856" branch="false"/></lines></method><method name="kk2::BitVector::rank1" signature="(int) const" line-rate="1.0" branch-rate="1.0" complexity="0.0"><lines><line number="32" hits="61321650" branch="false"/><line number="33" hits="61321650" branch="false"/></lines></method><method name="kk2::BitVector::select0" signature="(int) const" line-rate="1.0" branch-rate="1.0" complexity="0.0"><lines><line number="36" hits="2791699" branch="false"/><line number="37" hits="2791699" branch="true" condition-coverage="100% (2/2)"><conditions><condition number="0" type="jump" coverage="100%"/></conditions></line><line number="38" hits="1601230" branch="false"/><line number="39" hits="20710734" branch="true" condition-coverage="100% (2/2)"><conditions><condition number="0" type="jump" coverage="100%"/></conditions></line><line number="40" hits="19109504" branch="false"/><line number="41" hits="19109504" branch="true" condition-coverage="100% (2/2)"><conditions><condition number="0" type="jump" coverage="100%"/></conditions></line><line number="42" hits="9926994" branch="false"/><line number="44" hits="1601230" branch="false"/></lines></method><method name="kk2::BitVector::select1" signature="(int) const" line-rate="1.0" branch-rate="1.0" complexity="0.0"><lines><line number="47" hits="2600018" branch="false"/><line number="48" hits="2600018" branch="true" condition-coverage="100% (2/2)"><conditions><condition number="0" type="jump" coverage="100%"/></conditions></line><line number="49" hits="1601121" branch="false"/><line number="50" hits="20736911" branch="true" condition-coverage="100% (2/2)"><conditions><condition number="0" type="jump" coverage="100%"/></conditions></line><line number="51" hits="19135790" branch="false"/><line number="52" hits="19135790" branch="true" condition-coverage="100% (2/2)"><conditions><condition number="0" type="jump" coverage="100%"/></conditions></line><line number="53" hits="9932580" branch="false"/><line number="55" hits="1601121" branch="false"/></lines></method></methods><lines><line number="19" hits="11000" branch="true" condition-coverage="50% (2/4)"><conditions><condition number="0" type="jump" coverage="50%"/></conditions></line><line number="21" hits="19456255" branch="false"/><line number="23" hits="8356" branch="false"/><line number="24" hits="618511" branch="true" condition-coverage="100% (2/2)"><conditions><condition number="0" type="jump" coverage="100%"/></conditions></line><line number="25" hits="8356" branch="false"/><line number="26" hits="8356" branch="false"/><line number="30" hits="30865856" branch="false"/><line number="32" hits="61321650" branch="false"/><line number="33" hits="61321650" branch="false"/><line number="36" hits="2791699" branch="false"/><line number="37" hits="2791699" branch="true" condition-coverage="100% (2/2)"><conditions><condition number="0" type="jump" coverage="100%"/></conditions></line><line number="38" hits="1601230" branch="false"/><line number="39" hits="20710734" branch="true" condition-coverage="100% (2/2)"><conditions><condition number="0" type="jump" coverage="100%"/></conditions></line><line number="40" hits="19109504" branch="false"/><line number="41" hits="19109504" branch="true" condition-coverage="100% (2/2)"><conditions><condition number="0" type="jump" coverage="100%"/></conditions></line><line number="42" hits="9926994" branch="false"/><line number="44" hits="1601230" branch="false"/><line number="47" hits="2600018" branch="false"/><line number="48" hits="2600018" branch="true" condition-coverage="100% (2/2)"><conditions><condition number="0" type="jump" coverage="100%"/></conditions></line><line number="49" hits="1601121" branch="false"/><line number="50" hits="20736911" branch="true" condition-coverage="100% (2/2)"><conditions><condition number="0" type="jump" coverage="100%"/></conditions></line><line number="51" hits="19135790" branch="false"/><line number="52" hits="19135790" branch="true" condition-coverage="100% (2/2)"><conditions><condition number="0" type="jump" coverage="100%"/></conditions></line><line number="53" hits="9932580" branch="false"/><line number="55" hits="1601121" branch="false"/></lines></class><class name="convex_hull_trick_add_monotone_hpp" filename="data_structure/convex_hull_trick_add_monotone.hpp" line-rate="1.0" branch-rate="1.0" complexity="0.0"><methods/><lines/></class><class name="disjoint_sparse_table_hpp" filename="data_structure/disjoint_sparse_table.hpp" line-rate="1.0" branch-rate="1.0" complexity="0.0"><methods/><lines/></class><class name="hash_map_hpp" filename="data_structure/hash_map.hpp" line-rate="1.0" branch-rate="1.0" complexity="0.0"><methods/><lines/></class><class name="interval_heap_hpp" filename="data_structure/interval_heap.hpp" line-rate="1.0" branch-rate="1.0" complexity="0.0"><methods/><lines/></class><class name="my_bitset_hpp" filename="data_structure/my_bitset.hpp" line-rate="1.0" branch-rate="1.0" complexity="0.0"><methods/><lines/></class><class name="my_bitset_old_hpp" filename="data_structure/my_bitset_old.hpp" line-rate="1.0" branch-rate="1.0" complexity="0.0"><methods/><lines/></class><class name="offline_dynamic_connectivity_hpp" filename="data_structure/offline_dynamic_connectivity.hpp" line-rate="1.0" branch-rate="0.8611111111111112" complexity="0.0"><methods><method name="kk2::OfflineDynamicConnectivity::apply" signature="(int, int, std::pair&lt;int, int&gt;)" line-rate="1.0" branch-rate="1.0" complexity="0.0"><lines><line number="22" hits="49525" branch="false"/><line number="23" hits="49525" branch="false"/><line number="24" hits="416757" branch="true" condition-coverage="100% (2/2)"><conditions><condition number="0" type="jump" coverage="100%"/></conditions></line><line number="25" hits="367232" branch="true" condition-coverage="100% (2/2)"><conditions><condition number="0" type="jump" coverage="100%"/></conditions></line><line number="26" hits="367232" branch="true" condition-coverage="100% (2/2)"><conditions><condition number="0" type="jump" coverage="100%"/></conditions></line><line number="27" hits="367232" branch="false"/><line number="29" hits="49525" branch="false"/></lines></method><method name="kk2::OfflineDynamicConnectivity::apply_pre" signature="(int, int)" line-rate="1.0" branch-rate="1.0" complexity="0.0"><lines><line number="31" hits="49525" branch="false"/><line number="32" hits="49525" branch="false"/><line number="33" hits="416757" branch="true" condition-coverage="100% (2/2)"><conditions><condition number="0" type="jump" coverage="100%"/></conditions></line><line number="34" hits="367232" branch="true" condition-coverage="100% (2/2)"><conditions><condition number="0" type="jump" coverage="100%"/></conditions></line><line number="35" hits="367232" branch="true" condition-coverage="100% (2/2)"><conditions><condition number="0" type="jump" coverage="100%"/></conditions></line><line number="36" hits="367232" branch="false"/><line number="38" hits="49525" branch="false"/></lines></method><method name="kk2::OfflineDynamicConnectivity::seg_build" signature="()" line-rate="1.0" branch-rate="1.0" complexity="0.0"><lines><line number="40" hits="200" branch="false"/><line number="41" hits="6553400" branch="true" condition-coverage="100% (2/2)"><conditions><condition number="0" type="jump" coverage="100%"/></conditions></line><line number="42" hits="200" branch="false"/><line number="43" hits="6553600" branch="true" condition-coverage="100% (2/2)"><conditions><condition number="0" type="jump" coverage="100%"/></conditions></line><line number="44" hits="200" branch="false"/></lines></method><method name="kk2::OfflineDynamicConnectivity::OfflineDynamicConnectivity" signature="(int, int)" line-rate="1.0" branch-rate="0.6666666666666666" complexity="0.0"><lines><line number="49" hits="200" branch="true" condition-coverage="50% (1/2)"><conditions><condition number="0" type="jump" coverage="50%"/></conditions></line><line number="50" hits="3000" branch="true" condition-coverage="100% (2/2)"><conditions><condition number="0" type="jump" coverage="100%"/></conditions></line><line number="51" hits="200" branch="true" condition-coverage="50% (1/2)"><conditions><condition number="0" type="jump" coverage="50%"/></conditions></line><line number="52" hits="200" branch="false"/></lines></method><method name="kk2::OfflineDynamicConnectivity::add_edge" signature="(int, int, int)" line-rate="1.0" branch-rate="0.5" complexity="0.0"><lines><line number="54" hits="49525" branch="false"/><line number="55" hits="99050" branch="true" condition-coverage="50% (1/2)"><conditions><condition number="0" type="jump" coverage="50%"/></conditions></line><line number="57" hits="49525" branch="false"/><line number="59" hits="49525" branch="false"/></lines></method><method name="kk2::OfflineDynamicConnectivity::del_edge" signature="(int, int, int)" line-rate="1.0" branch-rate="0.5" complexity="0.0"><lines><line number="61" hits="50147" branch="false"/><line number="62" hits="100294" branch="true" condition-coverage="50% (1/2)"><conditions><condition number="0" type="jump" coverage="50%"/></conditions></line><line number="64" hits="50147" branch="false"/><line number="66" hits="50147" branch="false"/></lines></method><method name="kk2::OfflineDynamicConnectivity::build" signature="(bool)" line-rate="1.0" branch-rate="0.868421052631579" complexity="0.0"><lines><line number="68" hits="200" branch="false"/><line number="69" hits="200" branch="true" condition-coverage="50% (2/4)"><conditions><condition number="0" type="jump" coverage="50%"/></conditions></line><line number="70" hits="200" branch="false"/><line number="71" hits="200" branch="false"/><line number="72" hits="99872" branch="true" condition-coverage="100% (2/2)"><conditions><condition number="0" type="jump" coverage="100%"/></conditions></line><line number="73" hits="99672" branch="true" condition-coverage="100% (2/2)"><conditions><condition number="0" type="jump" coverage="100%"/></conditions></line><line number="74" hits="74537" branch="true" condition-coverage="100% (2/2)"><conditions><condition number="0" type="jump" coverage="100%"/></conditions></line><line number="75" hits="74537" branch="false"/><line number="76" hits="74537" branch="false"/><line number="78" hits="99672" branch="true" condition-coverage="100% (4/4)"><conditions><condition number="0" type="jump" coverage="100%"/></conditions></line><line number="79" hits="16685" branch="false"/><line number="80" hits="16685" branch="false"/><line number="81" hits="82987" branch="true" condition-coverage="75% (3/4)"><conditions><condition number="0" type="jump" coverage="75%"/></conditions></line><line number="82" hits="49525" branch="false"/><line number="85" hits="200" branch="true" condition-coverage="100% (2/2)"><conditions><condition number="0" type="jump" coverage="100%"/></conditions></line><line number="87" hits="200" branch="true" condition-coverage="50% (1/2)"><conditions><condition number="0" type="jump" coverage="50%"/></conditions></line><line number="88" hits="200" branch="false"/><line number="89" hits="200" branch="false"/><line number="90" hits="99872" branch="true" condition-coverage="100% (2/2)"><conditions><condition number="0" type="jump" coverage="100%"/></conditions></line><line number="91" hits="99672" branch="true" condition-coverage="100% (2/2)"><conditions><condition number="0" type="jump" coverage="100%"/></conditions></line><line number="92" hits="74537" branch="true" condition-coverage="100% (2/2)"><conditions><condition number="0" type="jump" coverage="100%"/></conditions></line><line number="93" hits="74537" branch="false"/><line number="94" hits="74537" branch="false"/><line number="96" hits="99672" branch="true" condition-coverage="100% (4/4)"><conditions><condition number="0" type="jump" coverage="100%"/></conditions></line><line number="97" hits="16685" branch="false"/><line number="98" hits="16685" branch="false"/><line number="99" hits="82987" branch="true" condition-coverage="75% (3/4)"><conditions><condition number="0" type="jump" coverage="75%"/></conditions></line><line number="100" hits="49525" branch="false"/><line number="103" hits="200" branch="true" condition-coverage="100% (2/2)"><conditions><condition number="0" type="jump" coverage="100%"/></conditions></line><line number="104" hits="200" branch="false"/></lines></method><method name="void kk2::OfflineDynamicConnectivity::run&lt;main::{lambda(int)#1}&gt;" signature="(main::{lambda(int)#1} const&amp;)" line-rate="1.0" branch-rate="1.0" complexity="0.0"><lines><line number="106" hits="200" branch="false"/></lines></method><method name="void kk2::OfflineDynamicConnectivity::run&lt;main::{lambda(int)#1}&gt;(main::{lambda(int)#1} const&amp;)::{lambda(auto:1, int)#1}::operator()&lt;{lambda(auto:1, int)#1}&gt;" signature="({lambda(auto:1, int)#1}, int) const" line-rate="1.0" branch-rate="0.875" complexity="0.0"><lines><line number="107" hits="6553600" branch="false"/><line number="108" hits="6553400" branch="true" condition-coverage="100% (2/2)"><conditions><condition number="0" type="jump" coverage="100%"/></conditions></line><line number="109" hits="3476600" branch="false"/><line number="110" hits="3839334" branch="true" condition-coverage="100% (2/2)"><conditions><condition number="0" type="jump" coverage="100%"/></conditions></line><line number="111" hits="3476600" branch="true" condition-coverage="100% (2/2)"><conditions><condition number="0" type="jump" coverage="100%"/></conditions></line><line number="112" hits="200000" branch="false"/><line number="114" hits="3276600" branch="false"/><line number="115" hits="3276600" branch="false"/><line number="117" hits="3476600" branch="false"/><line number="119" hits="200" branch="true" condition-coverage="50% (1/2)"><conditions><condition number="0" type="jump" coverage="50%"/></conditions></line><line number="120" hits="200" branch="false"/></lines></method></methods><lines><line number="22" hits="49525" branch="false"/><line number="23" hits="49525" branch="false"/><line number="24" hits="416757" branch="true" condition-coverage="100% (2/2)"><conditions><condition number="0" type="jump" coverage="100%"/></conditions></line><line number="25" hits="367232" branch="true" condition-coverage="100% (2/2)"><conditions><condition number="0" type="jump" coverage="100%"/></conditions></line><line number="26" hits="367232" branch="true" condition-coverage="100% (2/2)"><conditions><condition number="0" type="jump" coverage="100%"/></conditions></line><line number="27" hits="367232" branch="false"/><line number="29" hits="49525" branch="false"/><line number="31" hits="49525" branch="false"/><line number="32" hits="49525" branch="false"/><line number="33" hits="416757" branch="true" condition-coverage="100% (2/2)"><conditions><condition number="0" type="jump" coverage="100%"/></conditions></line><line number="34" hits="367232" branch="true" condition-coverage="100% (2/2)"><conditions><condition number="0" type="jump" coverage="100%"/></conditions></line><line number="35" hits="367232" branch="true" condition-coverage="100% (2/2)"><conditions><condition number="0" type="jump" coverage="100%"/></conditions></line><line number="36" hits="367232" branch="false"/><line number="38" hits="49525" branch="false"/><line number="40" hits="200" branch="false"/><line number="41" hits="6553400" branch="true" condition-coverage="100% (2/2)"><conditions><condition number="0" type="jump" coverage="100%"/></conditions></line><line number="42" hits="200" branch="false"/><line number="43" hits="6553600" branch="true" condition-coverage="100% (2/2)"><conditions><condition number="0" type="jump" coverage="100%"/></conditions></line><line number="44" hits="200" branch="false"/><line number="49" hits="200" branch="true" condition-coverage="50% (1/2)"><conditions><condition number="0" type="jump" coverage="50%"/></conditions></line><line number="50" hits="3000" branch="true" condition-coverage="100% (2/2)"><conditions><condition number="0" type="jump" coverage="100%"/></conditions></line><line number="51" hits="200" branch="true" condition-coverage="50% (1/2)"><conditions><condition number="0" type="jump" coverage="50%"/></conditions></line><line number="52" hits="200" branch="false"/><line number="54" hits="49525" branch="false"/><line number="55" hits="99050" branch="true" condition-coverage="50% (1/2)"><conditions><condition number="0" type="jump" coverage="50%"/></conditions></line><line number="57" hits="49525" branch="false"/><line number="59" hits="49525" branch="false"/><line number="61" hits="50147" branch="false"/><line number="62" hits="100294" branch="true" condition-coverage="50% (1/2)"><conditions><condition number="0" type="jump" coverage="50%"/></conditions></line><line number="64" hits="50147" branch="false"/><line number="66" hits="50147" branch="false"/><line number="68" hits="200" branch="false"/><line number="69" hits="200" branch="true" condition-coverage="50% (2/4)"><conditions><condition number="0" type="jump" coverage="50%"/></conditions></line><line number="70" hits="200" branch="false"/><line number="71" hits="200" branch="false"/><line number="72" hits="99872" branch="true" condition-coverage="100% (2/2)"><conditions><condition number="0" type="jump" coverage="100%"/></conditions></line><line number="73" hits="99672" branch="true" condition-coverage="100% (2/2)"><conditions><condition number="0" type="jump" coverage="100%"/></conditions></line><line number="74" hits="74537" branch="true" condition-coverage="100% (2/2)"><conditions><condition number="0" type="jump" coverage="100%"/></conditions></line><line number="75" hits="74537" branch="false"/><line number="76" hits="74537" branch="false"/><line number="78" hits="99672" branch="true" condition-coverage="100% (4/4)"><conditions><condition number="0" type="jump" coverage="100%"/></conditions></line><line number="79" hits="16685" branch="false"/><line number="80" hits="16685" branch="false"/><line number="81" hits="82987" branch="true" condition-coverage="75% (3/4)"><conditions><condition number="0" type="jump" coverage="75%"/></conditions></line><line number="82" hits="49525" branch="false"/><line number="85" hits="200" branch="true" condition-coverage="100% (2/2)"><conditions><condition number="0" type="jump" coverage="100%"/></conditions></line><line number="87" hits="200" branch="true" condition-coverage="50% (1/2)"><conditions><condition number="0" type="jump" coverage="50%"/></conditions></line><line number="88" hits="200" branch="false"/><line number="89" hits="200" branch="false"/><line number="90" hits="99872" branch="true" condition-coverage="100% (2/2)"><conditions><condition number="0" type="jump" coverage="100%"/></conditions></line><line number="91" hits="99672" branch="true" condition-coverage="100% (2/2)"><conditions><condition number="0" type="jump" coverage="100%"/></conditions></line><line number="92" hits="74537" branch="true" condition-coverage="100% (2/2)"><conditions><condition number="0" type="jump" coverage="100%"/></conditions></line><line number="93" hits="74537" branch="false"/><line number="94" hits="74537" branch="false"/><line number="96" hits="99672" branch="true" condition-coverage="100% (4/4)"><conditions><condition number="0" type="jump" coverage="100%"/></conditions></line><line number="97" hits="16685" branch="false"/><line number="98" hits="16685" branch="false"/><line number="99" hits="82987" branch="true" condition-coverage="75% (3/4)"><conditions><condition number="0" type="jump" coverage="75%"/></conditions></line><line number="100" hits="49525" branch="false"/><line number="103" hits="200" branch="true" condition-coverage="100% (2/2)"><conditions><condition number="0" type="jump" coverage="100%"/></conditions></line><line number="104" hits="200" branch="false"/><line number="106" hits="200" branch="false"/><line number="107" hits="6553600" branch="false"/><line number="108" hits="6553400" branch="true" condition-coverage="100% (2/2)"><conditions><condition number="0" type="jump" coverage="100%"/></conditions></line><line number="109" hits="3476600" branch="false"/><line number="110" hits="3839334" branch="true" condition-coverage="100% (2/2)"><conditions><condition number="0" type="jump" coverage="100%"/></conditions></line><line number="111" hits="3476600" branch="true" condition-coverage="100% (2/2)"><conditions><condition number="0" type="jump" coverage="100%"/></conditions></line><line number="112" hits="200000" branch="false"/><line number="114" hits="3276600" branch="false"/><line number="115" hits="3276600" branch="false"/><line number="117" hits="3476600" branch="false"/><line number="119" hits="200" branch="true" condition-coverage="50% (1/2)"><conditions><condition number="0" type="jump" coverage="50%"/></conditions></line><line number="120" hits="200" branch="false"/></lines></class><class name="ordered_set_hpp" filename="data_structure/ordered_set.hpp" line-rate="1.0" branch-rate="1.0" complexity="0.0"><methods/><lines/></class><class name="prefix_sum_2d_hpp" filename="data_structure/prefix_sum_2d.hpp" line-rate="1.0" branch-rate="1.0" complexity="0.0"><methods/><lines/></class><class name="prefix_sum_arbitrary_hpp" filename="data_structure/prefix_sum_arbitrary.hpp" line-rate="1.0" branch-rate="1.0" complexity="0.0"><methods/><lines/></class><class name="prefix_sum_hpp" filename="data_structure/prefix_sum.hpp" line-rate="1.0" branch-rate="1.0" complexity="0.0"><methods/><lines/></class><class name="slope_trick_hpp" filename="data_structure/slope_trick.hpp" line-rate="1.0" branch-rate="1.0" complexity="0.0"><methods/><lines/></class><class name="sparse_table_hpp" filename="data_structure/sparse_table.hpp" line-rate="1.0" branch-rate="1.0" complexity="0.0"><methods/><lines/></class><class name="static_rmq_hpp" filename="data_structure/static_rmq.hpp" line-rate="1.0" branch-rate="1.0" complexity="0.0"><methods/><lines/></class><class name="trie_hpp" filename="data_structure/trie.hpp" line-rate="1.0" branch-rate="1.0" complexity="0.0"><methods/><lines/></class><class name="w_ary_tree_hpp" filename="data_structure/w_ary_tree.hpp" line-rate="1.0" branch-rate="1.0" complexity="0.0"><methods/><lines/></class><class name="wavelet_matrix_hpp" filename="data_structure/wavelet_matrix.hpp" line-rate="1.0" branch-rate="0.75" complexity="0.0"><methods><method name="kk2::WaveletMatrix&lt;long long&gt;::WaveletMatrix" signature="(std::vector&lt;long long, std::allocator&lt;long long&gt; &gt; const&amp;)" line-rate="1.0" branch-rate="0.5" complexity="0.0"><lines><line number="22" hits="200" branch="true" condition-coverage="50% (1/2)"><conditions><condition number="0" type="jump" coverage="50%"/></conditions></line></lines></method><method name="kk2::WaveletMatrix&lt;long long&gt;::build" signature="()" line-rate="1.0" branch-rate="0.6923076923076923" complexity="0.0"><lines><line number="24" hits="200" branch="false"/><line number="25" hits="200" branch="false"/><line number="26" hits="200" branch="false"/><line number="27" hits="200" branch="true" condition-coverage="50% (1/2)"><conditions><condition number="0" type="jump" coverage="50%"/></conditions></line><line number="28" hits="200" branch="true" condition-coverage="50% (1/2)"><conditions><condition number="0" type="jump" coverage="50%"/></conditions></line><line number="29" hits="200" branch="true" condition-coverage="50% (1/2)"><conditions><condition number="0" type="jump" coverage="50%"/></conditions></line><line number="30" hits="200" branch="true" condition-coverage="50% (2/4)"><conditions><condition number="0" type="jump" coverage="50%"/></conditions></line><line number="31" hits="400" branch="true" condition-coverage="50% (2/4)"><conditions><condition number="0" type="jump" coverage="50%"/></conditions></line><line number="32" hits="6556" branch="true" condition-coverage="100% (2/2)"><conditions><condition number="0" type="jump" coverage="100%"/></conditions></line><line number="33" hits="6356" branch="false"/><line number="34" hits="29413425" branch="true" condition-coverage="100% (2/2)"><conditions><condition number="0" type="jump" coverage="100%"/></conditions></line><line number="35" hits="29407069" branch="true" condition-coverage="100% (2/2)"><conditions><condition number="0" type="jump" coverage="100%"/></conditions></line><line number="37" hits="6356" branch="true" condition-coverage="50% (1/2)"><conditions><condition number="0" type="jump" coverage="50%"/></conditions></line><line number="38" hits="6356" branch="false"/><line number="39" hits="29413425" branch="true" condition-coverage="100% (2/2)"><conditions><condition number="0" type="jump" coverage="100%"/></conditions></line><line number="40" hits="29407069" branch="true" condition-coverage="100% (2/2)"><conditions><condition number="0" type="jump" coverage="100%"/></conditions></line><line number="41" hits="14432983" branch="false"/><line number="43" hits="14974086" branch="false"/><line number="46" hits="6356" branch="false"/><line number="48" hits="200" branch="false"/></lines></method><method name="kk2::WaveletMatrix&lt;long long&gt;::rank" signature="(long long, int)" line-rate="1.0" branch-rate="0.8" complexity="0.0"><lines><line number="62" hits="200000" branch="false"/><line number="63" hits="200000" branch="true" condition-coverage="50% (2/4)"><conditions><condition number="0" type="jump" coverage="50%"/></conditions></line><line number="64" hits="200000" branch="false"/><line number="65" hits="6556000" branch="true" condition-coverage="100% (2/2)"><conditions><condition number="0" type="jump" coverage="100%"/></conditions></line><line number="66" hits="6356000" branch="true" condition-coverage="100% (2/2)"><conditions><condition number="0" type="jump" coverage="100%"/></conditions></line><line number="67" hits="6356000" branch="true" condition-coverage="100% (2/2)"><conditions><condition number="0" type="jump" coverage="100%"/></conditions></line><line number="69" hits="200000" branch="false"/></lines></method><method name="kk2::WaveletMatrix&lt;long long&gt;::select" signature="(long long, int)" line-rate="1.0" branch-rate="0.8571428571428571" complexity="0.0"><lines><line number="72" hits="200000" branch="false"/><line number="73" hits="200000" branch="true" condition-coverage="50% (2/4)"><conditions><condition number="0" type="jump" coverage="50%"/></conditions></line><line number="74" hits="200000" branch="false"/><line number="75" hits="6556000" branch="true" condition-coverage="100% (2/2)"><conditions><condition number="0" type="jump" coverage="100%"/></conditions></line><line number="76" hits="6356000" branch="true" condition-coverage="100% (2/2)"><conditions><condition number="0" type="jump" coverage="100%"/></conditions></line><line number="77" hits="200000" branch="false"/><line number="78" hits="1401890" branch="true" condition-coverage="100% (2/2)"><conditions><condition number="0" type="jump" coverage="100%"/></conditions></line><line number="79" hits="1391717" branch="true" condition-coverage="100% (2/2)"><conditions><condition number="0" type="jump" coverage="100%"/></conditions></line><line number="80" hits="1391717" branch="true" condition-coverage="100% (2/2)"><conditions><condition number="0" type="jump" coverage="100%"/></conditions></line><line number="82" hits="10173" branch="false"/></lines></method></methods><lines><line number="22" hits="200" branch="true" condition-coverage="50% (1/2)"><conditions><condition number="0" type="jump" coverage="50%"/></conditions></line><line number="24" hits="200" branch="false"/><line number="25" hits="200" branch="false"/><line number="26" hits="200" branch="false"/><line number="27" hits="200" branch="true" condition-coverage="50% (1/2)"><conditions><condition number="0" type="jump" coverage="50%"/></conditions></line><line number="28" hits="200" branch="true" condition-coverage="50% (1/2)"><conditions><condition number="0" type="jump" coverage="50%"/></conditions></line><line number="29" hits="200" branch="true" condition-coverage="50% (1/2)"><conditions><condition number="0" type="jump" coverage="50%"/></conditions></line><line number="30" hits="200" branch="true" condition-coverage="50% (2/4)"><conditions><condition number="0" type="jump" coverage="50%"/></conditions></line><line number="31" hits="400" branch="true" condition-coverage="50% (2/4)"><conditions><condition number="0" type="jump" coverage="50%"/></conditions></line><line number="32" hits="6556" branch="true" condition-coverage="100% (2/2)"><conditions><condition number="0" type="jump" coverage="100%"/></conditions></line><line number="33" hits="6356" branch="false"/><line number="34" hits="29413425" branch="true" condition-coverage="100% (2/2)"><conditions><condition number="0" type="jump" coverage="100%"/></conditions></line><line number="35" hits="29407069" branch="true" condition-coverage="100% (2/2)"><conditions><condition number="0" type="jump" coverage="100%"/></conditions></line><line number="37" hits="6356" branch="true" condition-coverage="50% (1/2)"><conditions><condition number="0" type="jump" coverage="50%"/></conditions></line><line number="38" hits="6356" branch="false"/><line number="39" hits="29413425" branch="true" condition-coverage="100% (2/2)"><conditions><condition number="0" type="jump" coverage="100%"/></conditions></line><line number="40" hits="29407069" branch="true" condition-coverage="100% (2/2)"><conditions><condition number="0" type="jump" coverage="100%"/></conditions></line><line number="41" hits="14432983" branch="false"/><line number="43" hits="14974086" branch="false"/><line number="46" hits="6356" branch="false"/><line number="48" hits="200" branch="false"/><line number="62" hits="200000" branch="false"/><line number="63" hits="200000" branch="true" condition-coverage="50% (2/4)"><conditions><condition number="0" type="jump" coverage="50%"/></conditions></line><line number="64" hits="200000" branch="false"/><line number="65" hits="6556000" branch="true" condition-coverage="100% (2/2)"><conditions><condition number="0" type="jump" coverage="100%"/></conditions></line><line number="66" hits="6356000" branch="true" condition-coverage="100% (2/2)"><conditions><condition number="0" type="jump" coverage="100%"/></conditions></line><line number="67" hits="6356000" branch="true" condition-coverage="100% (2/2)"><conditions><condition number="0" type="jump" coverage="100%"/></conditions></line><line number="69" hits="200000" branch="false"/><line number="72" hits="200000" branch="false"/><line number="73" hits="200000" branch="true" condition-coverage="50% (2/4)"><conditions><condition number="0" type="jump" coverage="50%"/></conditions></line><line number="74" hits="200000" branch="false"/><line number="75" hits="6556000" branch="true" condition-coverage="100% (2/2)"><conditions><condition number="0" type="jump" coverage="100%"/></conditions></line><line number="76" hits="6356000" branch="true" condition-coverage="100% (2/2)"><conditions><condition number="0" type="jump" coverage="100%"/></conditions></line><line number="77" hits="200000" branch="false"/><line number="78" hits="1401890" branch="true" condition-coverage="100% (2/2)"><conditions><condition number="0" type="jump" coverage="100%"/></conditions></line><line number="79" hits="1391717" branch="true" condition-coverage="100% (2/2)"><conditions><condition number="0" type="jump" coverage="100%"/></conditions></line><line number="80" hits="1391717" branch="true" condition-coverage="100% (2/2)"><conditions><condition number="0" type="jump" coverage="100%"/></conditions></line><line number="82" hits="10173" branch="false"/></lines></class></classes></package><package name="fps" line-rate="0.7068965517241379" branch-rate="0.4583333333333333" complexity="0.0"><classes><class name="bbb_hpp" filename="fps/bbb.hpp" line-rate="1.0" branch-rate="1.0" complexity="0.0"><methods/><lines/></class><class name="bostan_mori_hpp" filename="fps/bostan_mori.hpp" line-rate="1.0" branch-rate="1.0" complexity="0.0"><methods/><lines/></class><class name="chirp_Z_hpp" filename="fps/chirp_Z.hpp" line-rate="1.0" branch-rate="1.0" complexity="0.0"><methods/><lines/></class><class name="composition_hpp" filename="fps/composition.hpp" line-rate="1.0" branch-rate="1.0" complexity="0.0"><methods/><lines/></class><class name="compositional_inv_hpp" filename="fps/compositional_inv.hpp" line-rate="1.0" branch-rate="1.0" complexity="0.0"><methods/><lines/></class><class name="fps_arb_hpp" filename="fps/fps_arb.hpp" line-rate="1.0" branch-rate="1.0" complexity="0.0"><methods/><lines/></class><class name="fps_base_hpp" filename="fps/fps_base.hpp" line-rate="1.0" branch-rate="0.5" complexity="0.0"><methods><method name="kk2::FormalPowerSeriesBase&lt;kk2::FormalPowerSeriesNTTFriendly&lt;kk2::ModInt&lt;1000000007&gt; &gt;, kk2::ModInt&lt;1000000007&gt; &gt;::derived" signature="() const" line-rate="1.0" branch-rate="1.0" complexity="0.0"><lines><line number="23" hits="10" branch="false"/></lines></method><method name="kk2::FormalPowerSeriesBase&lt;kk2::FormalPowerSeriesNTTFriendly&lt;kk2::ModInt&lt;1000000007&gt; &gt;, kk2::ModInt&lt;1000000007&gt; &gt;::operator*" signature="(kk2::FormalPowerSeriesNTTFriendly&lt;kk2::ModInt&lt;1000000007&gt; &gt; const&amp;) const" line-rate="1.0" branch-rate="0.5" complexity="0.0"><lines><line number="134" hits="10" branch="true" condition-coverage="50% (3/6)"><conditions><condition number="0" type="jump" coverage="50%"/></conditions></line></lines></method></methods><lines><line number="23" hits="10" branch="false"/><line number="134" hits="10" branch="true" condition-coverage="50% (3/6)"><conditions><condition number="0" type="jump" coverage="50%"/></conditions></line></lines></class><class name="fps_multivariate_hpp" filename="fps/fps_multivariate.hpp" line-rate="1.0" branch-rate="1.0" complexity="0.0"><methods/><lines/></class><class name="fps_ntt_friendly_hpp" filename="fps/fps_ntt_friendly.hpp" line-rate="1.0" branch-rate="0.5" complexity="0.0"><methods><method name="kk2::FormalPowerSeriesNTTFriendly&lt;kk2::ModInt&lt;1000000007&gt; &gt;::operator*=" signature="(kk2::FormalPowerSeriesNTTFriendly&lt;kk2::ModInt&lt;1000000007&gt; &gt; const&amp;)" line-rate="1.0" branch-rate="0.5" complexity="0.0"><lines><line number="28" hits="10" branch="false"/><line number="29" hits="10" branch="true" condition-coverage="50% (1/2)"><conditions><condition number="0" type="jump" coverage="50%"/></conditions></line><line number="30" hits="10" branch="false"/></lines></method></methods><lines><line number="28" hits="10" branch="false"/><line number="29" hits="10" branch="true" condition-coverage="50% (1/2)"><conditions><condition number="0" type="jump" coverage="50%"/></conditions></line><line number="30" hits="10" branch="false"/></lines></class><class name="fps_sparsity_detector_hpp" filename="fps/fps_sparsity_detector.hpp" line-rate="0.7692307692307693" branch-rate="0.5" complexity="0.0"><methods><method name="bool kk2::is_sparse_operation&lt;kk2::FormalPowerSeriesNTTFriendly&lt;kk2::ModInt&lt;1000000007&gt; &gt;, kk2::ModInt&lt;1000000007&gt; &gt;" signature="(kk2::FPSOperation, bool, kk2::FormalPowerSeriesNTTFriendly&lt;kk2::ModInt&lt;1000000007&gt; &gt; const&amp;, kk2::FormalPowerSeriesNTTFriendly&lt;kk2::ModInt&lt;1000000007&gt; &gt; const&amp;)" line-rate="0.7692307692307693" branch-rate="0.5" complexity="0.0"><lines><line number="11" hits="10" branch="false"/><line number="15" hits="10" branch="false"/><line number="16" hits="10" branch="false"/><line number="17" hits="10" branch="false"/><line number="18" hits="10" branch="false"/><line number="19" hits="1033" branch="true" condition-coverage="75% (3/4)"><conditions><condition number="0" type="jump" coverage="75%"/></conditions></line><line number="20" hits="1955169" branch="true" condition-coverage="75% (3/4)"><conditions><condition number="0" type="jump" coverage="75%"/></conditions></line><line number="22" hits="10" branch="true" condition-coverage="50% (1/2)"><conditions><condition number="0" type="jump" coverage="50%"/></conditions></line><line number="23" hits="10" branch="true" condition-coverage="50% (2/4)"><conditions><condition number="0" type="jump" coverage="50%"/></conditions></line><line number="24" hits="10" branch="false"/><line number="26" hits="0" branch="true" condition-coverage="0% (0/2)"><conditions><condition number="0" type="jump" coverage="0%"/></conditions></line><line number="27" hits="0" branch="true" condition-coverage="0% (0/2)"><conditions><condition number="0" type="jump" coverage="0%"/></conditions></line><line number="29" hits="0" branch="false"/></lines></method></methods><lines><line number="11" hits="10" branch="false"/><line number="15" hits="10" branch="false"/><line number="16" hits="10" branch="false"/><line number="17" hits="10" branch="false"/><line number="18" hits="10" branch="false"/><line number="19" hits="1033" branch="true" condition-coverage="75% (3/4)"><conditions><condition number="0" type="jump" coverage="75%"/></conditions></line><line number="20" hits="1955169" branch="true" condition-coverage="75% (3/4)"><conditions><condition number="0" type="jump" coverage="75%"/></conditions></line><line number="22" hits="10" branch="true" condition-coverage="50% (1/2)"><conditions><condition number="0" type="jump" coverage="50%"/></conditions></line><line number="23" hits="10" branch="true" condition-coverage="50% (2/4)"><conditions><condition number="0" type="jump" coverage="50%"/></conditions></line><line number="24" hits="10" branch="false"/><line number="26" hits="0" branch="true" condition-coverage="0% (0/2)"><conditions><condition number="0" type="jump" coverage="0%"/></conditions></line><line number="27" hits="0" branch="true" condition-coverage="0% (0/2)"><conditions><condition number="0" type="jump" coverage="0%"/></conditions></line><line number="29" hits="0" branch="false"/></lines></class><class name="fps_sqrt_hpp" filename="fps/fps_sqrt.hpp" line-rate="1.0" branch-rate="1.0" complexity="0.0"><methods/><lines/></class><class name="mod_pow_hpp" filename="fps/mod_pow.hpp" line-rate="1.0" branch-rate="1.0" complexity="0.0"><methods/><lines/></class><class name="poly_find_root_hpp" filename="fps/poly_find_root.hpp" line-rate="1.0" branch-rate="1.0" complexity="0.0"><methods/><lines/></class><class name="poly_gcd_hpp" filename="fps/poly_gcd.hpp" line-rate="1.0" branch-rate="1.0" complexity="0.0"><methods/><lines/></class><class name="poly_interpolation_hpp" filename="fps/poly_interpolation.hpp" line-rate="1.0" branch-rate="1.0" complexity="0.0"><methods/><lines/></class><class name="poly_multi_eval_hpp" filename="fps/poly_multi_eval.hpp" line-rate="1.0" branch-rate="1.0" complexity="0.0"><methods/><lines/></class><class name="poly_sample_point_shift_hpp" filename="fps/poly_sample_point_shift.hpp" line-rate="0.65" branch-rate="0.44680851063829785" complexity="0.0"><methods><method name="std::vector&lt;kk2::ModInt&lt;1000000007&gt;, std::allocator&lt;kk2::ModInt&lt;1000000007&gt; &gt; &gt; kk2::sample_point_shift&lt;kk2::FormalPowerSeriesNTTFriendly&lt;kk2::ModInt&lt;1000000007&gt; &gt;, kk2::ModInt&lt;1000000007&gt; &gt;" signature="(std::vector&lt;kk2::ModInt&lt;1000000007&gt;, std::allocator&lt;kk2::ModInt&lt;1000000007&gt; &gt; &gt;&amp;, kk2::ModInt&lt;1000000007&gt;, int)" line-rate="0.65" branch-rate="0.44680851063829785" complexity="0.0"><lines><line number="10" hits="10" branch="false"/><line number="11" hits="10" branch="true" condition-coverage="50% (1/2)"><conditions><condition number="0" type="jump" coverage="50%"/></conditions></line><line number="12" hits="10" branch="false"/><line number="13" hits="10" branch="false"/><line number="14" hits="10" branch="true" condition-coverage="50% (1/2)"><conditions><condition number="0" type="jump" coverage="50%"/></conditions></line><line number="15" hits="0" branch="true" condition-coverage="0% (0/2)"><conditions><condition number="0" type="jump" coverage="0%"/></conditions></line><line number="16" hits="0" branch="false"/><line number="17" hits="0" branch="true" condition-coverage="0% (0/4)"><conditions><condition number="0" type="jump" coverage="0%"/></conditions></line><line number="18" hits="0" branch="true" condition-coverage="0% (0/2)"><conditions><condition number="0" type="jump" coverage="0%"/></conditions></line><line number="19" hits="0" branch="true" condition-coverage="0% (0/4)"><conditions><condition number="0" type="jump" coverage="0%"/></conditions></line><line number="20" hits="0" branch="true" condition-coverage="0% (0/2)"><conditions><condition number="0" type="jump" coverage="0%"/></conditions></line><line number="21" hits="0" branch="false"/><line number="22" hits="0" branch="false"/><line number="23" hits="0" branch="false"/><line number="24" hits="10" branch="true" condition-coverage="50% (1/2)"><conditions><condition number="0" type="jump" coverage="50%"/></conditions></line><line number="25" hits="0" branch="true" condition-coverage="0% (0/2)"><conditions><condition number="0" type="jump" coverage="0%"/></conditions></line><line number="26" hits="0" branch="true" condition-coverage="0% (0/4)"><conditions><condition number="0" type="jump" coverage="0%"/></conditions></line><line number="27" hits="0" branch="true" condition-coverage="0% (0/4)"><conditions><condition number="0" type="jump" coverage="0%"/></conditions></line><line number="28" hits="0" branch="false"/><line number="29" hits="0" branch="false"/><line number="31" hits="10" branch="true" condition-coverage="50% (2/4)"><conditions><condition number="0" type="jump" coverage="50%"/></conditions></line><line number="32" hits="10" branch="true" condition-coverage="50% (1/2)"><conditions><condition number="0" type="jump" coverage="50%"/></conditions></line><line number="33" hits="1014" branch="true" condition-coverage="75% (3/4)"><conditions><condition number="0" type="jump" coverage="75%"/></conditions></line><line number="34" hits="10" branch="true" condition-coverage="50% (1/2)"><conditions><condition number="0" type="jump" coverage="50%"/></conditions></line><line number="35" hits="1023" branch="true" condition-coverage="66% (4/6)"><conditions><condition number="0" type="jump" coverage="66%"/></conditions></line><line number="36" hits="1033" branch="true" condition-coverage="100% (2/2)"><conditions><condition number="0" type="jump" coverage="100%"/></conditions></line><line number="37" hits="1023" branch="true" condition-coverage="50% (2/4)"><conditions><condition number="0" type="jump" coverage="50%"/></conditions></line><line number="38" hits="1023" branch="true" condition-coverage="75% (3/4)"><conditions><condition number="0" type="jump" coverage="75%"/></conditions></line><line number="41" hits="10" branch="true" condition-coverage="50% (1/2)"><conditions><condition number="0" type="jump" coverage="50%"/></conditions></line><line number="42" hits="1955169" branch="true" condition-coverage="58% (7/12)"><conditions><condition number="0" type="jump" coverage="58%"/></conditions></line><line number="44" hits="10" branch="true" condition-coverage="50% (1/2)"><conditions><condition number="0" type="jump" coverage="50%"/></conditions></line><line number="46" hits="10" branch="true" condition-coverage="50% (1/2)"><conditions><condition number="0" type="jump" coverage="50%"/></conditions></line><line number="47" hits="10" branch="false"/><line number="48" hits="1023" branch="true" condition-coverage="66% (4/6)"><conditions><condition number="0" type="jump" coverage="66%"/></conditions></line><line number="49" hits="1954156" branch="true" condition-coverage="100% (2/2)"><conditions><condition number="0" type="jump" coverage="100%"/></conditions></line><line number="50" hits="1954146" branch="true" condition-coverage="50% (1/2)"><conditions><condition number="0" type="jump" coverage="50%"/></conditions></line><line number="51" hits="1954146" branch="true" condition-coverage="50% (4/8)"><conditions><condition number="0" type="jump" coverage="50%"/></conditions></line><line number="52" hits="1954146" branch="false"/><line number="54" hits="10" branch="false"/><line number="55" hits="10" branch="false"/></lines></method></methods><lines><line number="10" hits="10" branch="false"/><line number="11" hits="10" branch="true" condition-coverage="50% (1/2)"><conditions><condition number="0" type="jump" coverage="50%"/></conditions></line><line number="12" hits="10" branch="false"/><line number="13" hits="10" branch="false"/><line number="14" hits="10" branch="true" condition-coverage="50% (1/2)"><conditions><condition number="0" type="jump" coverage="50%"/></conditions></line><line number="15" hits="0" branch="true" condition-coverage="0% (0/2)"><conditions><condition number="0" type="jump" coverage="0%"/></conditions></line><line number="16" hits="0" branch="false"/><line number="17" hits="0" branch="true" condition-coverage="0% (0/4)"><conditions><condition number="0" type="jump" coverage="0%"/></conditions></line><line number="18" hits="0" branch="true" condition-coverage="0% (0/2)"><conditions><condition number="0" type="jump" coverage="0%"/></conditions></line><line number="19" hits="0" branch="true" condition-coverage="0% (0/4)"><conditions><condition number="0" type="jump" coverage="0%"/></conditions></line><line number="20" hits="0" branch="true" condition-coverage="0% (0/2)"><conditions><condition number="0" type="jump" coverage="0%"/></conditions></line><line number="21" hits="0" branch="false"/><line number="22" hits="0" branch="false"/><line number="23" hits="0" branch="false"/><line number="24" hits="10" branch="true" condition-coverage="50% (1/2)"><conditions><condition number="0" type="jump" coverage="50%"/></conditions></line><line number="25" hits="0" branch="true" condition-coverage="0% (0/2)"><conditions><condition number="0" type="jump" coverage="0%"/></conditions></line><line number="26" hits="0" branch="true" condition-coverage="0% (0/4)"><conditions><condition number="0" type="jump" coverage="0%"/></conditions></line><line number="27" hits="0" branch="true" condition-coverage="0% (0/4)"><conditions><condition number="0" type="jump" coverage="0%"/></conditions></line><line number="28" hits="0" branch="false"/><line number="29" hits="0" branch="false"/><line number="31" hits="10" branch="true" condition-coverage="50% (2/4)"><conditions><condition number="0" type="jump" coverage="50%"/></conditions></line><line number="32" hits="10" branch="true" condition-coverage="50% (1/2)"><conditions><condition number="0" type="jump" coverage="50%"/></conditions></line><line number="33" hits="1014" branch="true" condition-coverage="75% (3/4)"><conditions><condition number="0" type="jump" coverage="75%"/></conditions></line><line number="34" hits="10" branch="true" condition-coverage="50% (1/2)"><conditions><condition number="0" type="jump" coverage="50%"/></conditions></line><line number="35" hits="1023" branch="true" condition-coverage="66% (4/6)"><conditions><condition number="0" type="jump" coverage="66%"/></conditions></line><line number="36" hits="1033" branch="true" condition-coverage="100% (2/2)"><conditions><condition number="0" type="jump" coverage="100%"/></conditions></line><line number="37" hits="1023" branch="true" condition-coverage="50% (2/4)"><conditions><condition number="0" type="jump" coverage="50%"/></conditions></line><line number="38" hits="1023" branch="true" condition-coverage="75% (3/4)"><conditions><condition number="0" type="jump" coverage="75%"/></conditions></line><line number="41" hits="10" branch="true" condition-coverage="50% (1/2)"><conditions><condition number="0" type="jump" coverage="50%"/></conditions></line><line number="42" hits="1955169" branch="true" condition-coverage="58% (7/12)"><conditions><condition number="0" type="jump" coverage="58%"/></conditions></line><line number="44" hits="10" branch="true" condition-coverage="50% (1/2)"><conditions><condition number="0" type="jump" coverage="50%"/></conditions></line><line number="46" hits="10" branch="true" condition-coverage="50% (1/2)"><conditions><condition number="0" type="jump" coverage="50%"/></conditions></line><line number="47" hits="10" branch="false"/><line number="48" hits="1023" branch="true" condition-coverage="66% (4/6)"><conditions><condition number="0" type="jump" coverage="66%"/></conditions></line><line number="49" hits="1954156" branch="true" condition-coverage="100% (2/2)"><conditions><condition number="0" type="jump" coverage="100%"/></conditions></line><line number="50" hits="1954146" branch="true" condition-coverage="50% (1/2)"><conditions><condition number="0" type="jump" coverage="50%"/></conditions></line><line number="51" hits="1954146" branch="true" condition-coverage="50% (4/8)"><conditions><condition number="0" type="jump" coverage="50%"/></conditions></line><line number="52" hits="1954146" branch="false"/><line number="54" hits="10" branch="false"/><line number="55" hits="10" branch="false"/></lines></class><class name="poly_taylor_shift_hpp" filename="fps/poly_taylor_shift.hpp" line-rate="1.0" branch-rate="1.0" complexity="0.0"><methods/><lines/></class><class name="poly_to_newton_basis_hpp" filename="fps/poly_to_newton_basis.hpp" line-rate="1.0" branch-rate="1.0" complexity="0.0"><methods/><lines/></class><class name="power_projection_hpp" filename="fps/power_projection.hpp" line-rate="1.0" branch-rate="1.0" complexity="0.0"><methods/><lines/></class><class name="product_hpp" filename="fps/product.hpp" line-rate="1.0" branch-rate="1.0" complexity="0.0"><methods/><lines/></class></classes></package><package name="functional" line-rate="1.0" branch-rate="1.0" complexity="0.0"><classes><class name="reverse_args_hpp" filename="functional/reverse_args.hpp" line-rate="1.0" branch-rate="1.0" complexity="0.0"><methods/><lines/></class></classes></package><package name="geometry" line-rate="1.0" branch-rate="1.0" complexity="0.0"><classes><class name="argument_sort_hpp" filename="geometry/argument_sort.hpp" line-rate="1.0" branch-rate="1.0" complexity="0.0"><methods/><lines/></class><class name="cross_point_line_line_hpp" filename="geometry/cross_point_line_line.hpp" line-rate="1.0" branch-rate="1.0" complexity="0.0"><methods/><lines/></class><class name="line_hpp" filename="geometry/line.hpp" line-rate="1.0" branch-rate="1.0" complexity="0.0"><methods/><lines/></class><class name="point_hpp" filename="geometry/point.hpp" line-rate="1.0" branch-rate="1.0" complexity="0.0"><methods/><lines/></class><class name="static_convex_hull_hpp" filename="geometry/static_convex_hull.hpp" line-rate="1.0" branch-rate="1.0" complexity="0.0"><methods/><lines/></class></classes></package><package name="graph" line-rate="1.0" branch-rate="0.6875" complexity="0.0"><classes><class name="bcc_hpp" filename="graph/bcc.hpp" line-rate="1.0" branch-rate="1.0" complexity="0.0"><methods/><lines/></class><class name="compact_edge_hpp" filename="graph/compact_edge.hpp" line-rate="1.0" branch-rate="0.5" complexity="0.0"><methods><method name="kk2::graph::_AdjacencyEdgeProxy&lt;int, false&gt;::get_cost" signature="(kk2::graph::_Edge&lt;int&gt;&amp;)" line-rate="1.0" branch-rate="1.0" complexity="0.0"><lines><line number="28" hits="5" branch="false"/><line number="33" hits="5" branch="false"/></lines></method><method name="kk2::graph::_AdjacencyEdgeProxy&lt;int, true&gt;::get_cost" signature="(kk2::graph::_Edge&lt;int&gt; const&amp;)" line-rate="1.0" branch-rate="1.0" complexity="0.0"><lines><line number="28" hits="2" branch="false"/><line number="33" hits="2" branch="false"/></lines></method><method name="kk2::graph::_AdjacencyEdgeProxy&lt;int, false&gt;::_AdjacencyEdgeProxy" signature="(int, int&amp;, kk2::graph::_Edge&lt;int&gt;&amp;)" line-rate="1.0" branch-rate="0.5" complexity="0.0"><lines><line number="38" hits="5" branch="false"/><line number="39" hits="5" branch="false"/><line number="40" hits="5" branch="true" condition-coverage="50% (1/2)"><conditions><condition number="0" type="jump" coverage="50%"/></conditions></line><line number="41" hits="5" branch="false"/><line number="42" hits="5" branch="false"/></lines></method><method name="kk2::graph::_AdjacencyEdgeProxy&lt;int, true&gt;::_AdjacencyEdgeProxy" signature="(int, int const&amp;, kk2::graph::_Edge&lt;int&gt; const&amp;)" line-rate="1.0" branch-rate="0.5" complexity="0.0"><lines><line number="38" hits="2" branch="false"/><line number="39" hits="2" branch="false"/><line number="40" hits="2" branch="true" condition-coverage="50% (1/2)"><conditions><condition number="0" type="jump" coverage="50%"/></conditions></line><line number="41" hits="2" branch="false"/><line number="42" hits="2" branch="false"/></lines></method><method name="void kk2::graph::_AdjacencyEdgeProxy&lt;int, true&gt;::debug_output&lt;std::basic_ofstream&lt;char, std::char_traits&lt;char&gt; &gt; &gt;" signature="(std::basic_ofstream&lt;char, std::char_traits&lt;char&gt; &gt;&amp;) const" line-rate="1.0" branch-rate="1.0" complexity="0.0"><lines><line number="46" hits="2" branch="false"/><line number="47" hits="2" branch="false"/><line number="48" hits="2" branch="false"/><line number="49" hits="2" branch="false"/><line number="50" hits="2" branch="false"/></lines></method><method name="kk2::graph::_AdjacencyEdgeIterator&lt;int, false&gt;::_AdjacencyEdgeIterator" signature="(__gnu_cxx::__normal_iterator&lt;int*, std::span&lt;int, 18446744073709551615ul&gt; &gt;, int, kk2::graph::_Edges&lt;int&gt;*)" line-rate="1.0" branch-rate="1.0" complexity="0.0"><lines><line number="82" hits="1" branch="false"/><line number="83" hits="1" branch="false"/><line number="84" hits="1" branch="false"/><line number="85" hits="1" branch="false"/></lines></method><method name="kk2::graph::_AdjacencyEdgeIterator&lt;int, true&gt;::_AdjacencyEdgeIterator" signature="(__gnu_cxx::__normal_iterator&lt;int const*, std::span&lt;int const, 18446744073709551615ul&gt; &gt;, int, kk2::graph::_Edges&lt;int&gt; const*)" line-rate="1.0" branch-rate="1.0" complexity="0.0"><lines><line number="82" hits="6" branch="false"/><line number="83" hits="6" branch="false"/><line number="84" hits="6" branch="false"/><line number="85" hits="6" branch="false"/></lines></method><method name="kk2::graph::_AdjacencyEdgeIterator&lt;int, false&gt;::arrow_proxy::operator-&gt;" signature="()" line-rate="1.0" branch-rate="1.0" complexity="0.0"><lines><line number="95" hits="1" branch="false"/></lines></method><method name="kk2::graph::_AdjacencyEdgeIterator&lt;int, false&gt;::operator*" signature="() const" line-rate="1.0" branch-rate="1.0" complexity="0.0"><lines><line number="99" hits="1" branch="false"/><line number="100" hits="1" branch="false"/><line number="101" hits="1" branch="false"/></lines></method><method name="kk2::graph::_AdjacencyEdgeIterator&lt;int, true&gt;::operator*" signature="() const" line-rate="1.0" branch-rate="1.0" complexity="0.0"><lines><line number="99" hits="2" branch="false"/><line number="100" hits="2" branch="false"/><line number="101" hits="2" branch="false"/></lines></method><method name="kk2::graph::_AdjacencyEdgeIterator&lt;int, false&gt;::operator-&gt;" signature="() const" line-rate="1.0" branch-rate="1.0" complexity="0.0"><lines><line number="103" hits="1" branch="false"/></lines></method><method name="kk2::graph::_AdjacencyEdgeIterator&lt;int, true&gt;::operator++" signature="()" line-rate="1.0" branch-rate="1.0" complexity="0.0"><lines><line number="105" hits="2" branch="false"/><line number="106" hits="2" branch="false"/><line number="107" hits="2" branch="false"/></lines></method><method name="kk2::graph::operator==" signature="(kk2::graph::_AdjacencyEdgeIterator&lt;int, true&gt; const&amp;, kk2::graph::_AdjacencyEdgeIterator&lt;int, true&gt; const&amp;)" line-rate="1.0" branch-rate="1.0" complexity="0.0"><lines><line number="153" hits="5" branch="false"/><line number="154" hits="5" branch="false"/></lines></method><method name="kk2::graph::_AdjacencyView&lt;int, false&gt;::_AdjacencyView" signature="(std::span&lt;int, 18446744073709551615ul&gt;, kk2::graph::_Edges&lt;int&gt;*, int)" line-rate="1.0" branch-rate="1.0" complexity="0.0"><lines><line number="178" hits="8" branch="false"/><line number="179" hits="8" branch="false"/><line number="180" hits="8" branch="false"/><line number="181" hits="8" branch="false"/></lines></method><method name="kk2::graph::_AdjacencyView&lt;int, true&gt;::_AdjacencyView" signature="(std::span&lt;int const, 18446744073709551615ul&gt;, kk2::graph::_Edges&lt;int&gt; const*, int)" line-rate="1.0" branch-rate="1.0" complexity="0.0"><lines><line number="178" hits="3" branch="false"/><line number="179" hits="3" branch="false"/><line number="180" hits="3" branch="false"/><line number="181" hits="3" branch="false"/></lines></method><method name="kk2::graph::_AdjacencyView&lt;int, false&gt;::begin" signature="()" line-rate="1.0" branch-rate="1.0" complexity="0.0"><lines><line number="183" hits="1" branch="false"/></lines></method><method name="kk2::graph::_AdjacencyView&lt;int, true&gt;::begin" signature="()" line-rate="1.0" branch-rate="1.0" complexity="0.0"><lines><line number="183" hits="3" branch="false"/></lines></method><method name="kk2::graph::_AdjacencyView&lt;int, true&gt;::end" signature="()" line-rate="1.0" branch-rate="1.0" complexity="0.0"><lines><line number="184" hits="3" branch="false"/></lines></method><method name="kk2::graph::_AdjacencyView&lt;int, false&gt;::size" signature="() const" line-rate="1.0" branch-rate="1.0" complexity="0.0"><lines><line number="191" hits="3" branch="false"/></lines></method><method name="kk2::graph::_AdjacencyView&lt;int, false&gt;::operator[]" signature="(int)" line-rate="1.0" branch-rate="1.0" complexity="0.0"><lines><line number="194" hits="4" branch="false"/><line number="195" hits="4" branch="false"/><line number="196" hits="4" branch="false"/></lines></method></methods><lines><line number="28" hits="5" branch="false"/><line number="28" hits="2" branch="false"/><line number="33" hits="5" branch="false"/><line number="33" hits="2" branch="false"/><line number="38" hits="5" branch="false"/><line number="38" hits="2" branch="false"/><line number="39" hits="5" branch="false"/><line number="39" hits="2" branch="false"/><line number="40" hits="5" branch="true" condition-coverage="50% (1/2)"><conditions><condition number="0" type="jump" coverage="50%"/></conditions></line><line number="40" hits="2" branch="true" condition-coverage="50% (1/2)"><conditions><condition number="0" type="jump" coverage="50%"/></conditions></line><line number="41" hits="5" branch="false"/><line number="41" hits="2" branch="false"/><line number="42" hits="5" branch="false"/><line number="42" hits="2" branch="false"/><line number="46" hits="2" branch="false"/><line number="47" hits="2" branch="false"/><line number="48" hits="2" branch="false"/><line number="49" hits="2" branch="false"/><line number="50" hits="2" branch="false"/><line number="82" hits="1" branch="false"/><line number="82" hits="6" branch="false"/><line number="83" hits="1" branch="false"/><line number="83" hits="6" branch="false"/><line number="84" hits="1" branch="false"/><line number="84" hits="6" branch="false"/><line number="85" hits="1" branch="false"/><line number="85" hits="6" branch="false"/><line number="95" hits="1" branch="false"/><line number="99" hits="1" branch="false"/><line number="99" hits="2" branch="false"/><line number="100" hits="1" branch="false"/><line number="100" hits="2" branch="false"/><line number="101" hits="1" branch="false"/><line number="101" hits="2" branch="false"/><line number="103" hits="1" branch="false"/><line number="105" hits="2" branch="false"/><line number="106" hits="2" branch="false"/><line number="107" hits="2" branch="false"/><line number="153" hits="5" branch="false"/><line number="154" hits="5" branch="false"/><line number="178" hits="8" branch="false"/><line number="178" hits="3" branch="false"/><line number="179" hits="8" branch="false"/><line number="179" hits="3" branch="false"/><line number="180" hits="8" branch="false"/><line number="180" hits="3" branch="false"/><line number="181" hits="8" branch="false"/><line number="181" hits="3" branch="false"/><line number="183" hits="1" branch="false"/><line number="183" hits="3" branch="false"/><line number="184" hits="3" branch="false"/><line number="191" hits="3" branch="false"/><line number="194" hits="4" branch="false"/><line number="195" hits="4" branch="false"/><line number="196" hits="4" branch="false"/></lines></class><class name="compact_graph_hpp" filename="graph/compact_graph.hpp" line-rate="1.0" branch-rate="1.0" complexity="0.0"><methods/><lines/></class><class name="compact_static_graph_hpp" filename="graph/compact_static_graph.hpp" line-rate="1.0" branch-rate="1.0" complexity="0.0"><methods/><lines/></class><class name="cycle_detection_hpp" filename="graph/cycle_detection.hpp" line-rate="1.0" branch-rate="1.0" complexity="0.0"><methods/><lines/></class><class name="edge_hpp" filename="graph/edge.hpp" line-rate="1.0" branch-rate="0.5" complexity="0.0"><methods><method name="kk2::graph::_Edge&lt;int&gt;::_Edge" signature="(int, int, int, int)" line-rate="1.0" branch-rate="1.0" complexity="0.0"><lines><line number="19" hits="21" branch="false"/><line number="20" hits="21" branch="false"/><line number="21" hits="21" branch="false"/><line number="22" hits="21" branch="false"/><line number="23" hits="21" branch="false"/></lines></method><method name="kk2::graph::_Edge&lt;int&gt;::_Edge" signature="()" line-rate="1.0" branch-rate="1.0" complexity="0.0"><lines><line number="24" hits="2" branch="false"/></lines></method><method name="void kk2::graph::_Edge&lt;int&gt;::debug_output&lt;std::basic_ofstream&lt;char, std::char_traits&lt;char&gt; &gt; &gt;" signature="(std::basic_ofstream&lt;char, std::char_traits&lt;char&gt; &gt;&amp;) const" line-rate="1.0" branch-rate="1.0" complexity="0.0"><lines><line number="28" hits="2" branch="false"/><line number="29" hits="2" branch="false"/><line number="30" hits="2" branch="false"/><line number="31" hits="2" branch="false"/><line number="32" hits="2" branch="false"/></lines></method><method name="int kk2::graph::_edge_cost&lt;int&gt;" signature="(kk2::graph::_Edge&lt;int&gt; const&amp;)" line-rate="1.0" branch-rate="1.0" complexity="0.0"><lines><line number="48" hits="10" branch="false"/><line number="50" hits="10" branch="false"/></lines></method><method name="kk2::graph::_Edges&lt;int&gt;::add_edge" signature="(int, int, int)" line-rate="1.0" branch-rate="0.5" complexity="0.0"><lines><line number="70" hits="6" branch="false"/><line number="71" hits="6" branch="true" condition-coverage="50% (1/2)"><conditions><condition number="0" type="ju
[...]
es/></class><class name="macros_hpp" filename="template/macros.hpp" line-rate="1.0" branch-rate="1.0" complexity="0.0"><methods/><lines/></class><class name="procon_hpp" filename="template/procon.hpp" line-rate="1.0" branch-rate="1.0" complexity="0.0"><methods/><lines/></class><class name="simpleio_hpp" filename="template/simpleio.hpp" line-rate="1.0" branch-rate="1.0" complexity="0.0"><methods/><lines/></class><class name="template_hpp" filename="template/template.hpp" line-rate="0.14285714285714285" branch-rate="0.07142857142857142" complexity="0.0"><methods><method name="Yes" signature="(bool)" line-rate="0.0" branch-rate="0.0" complexity="0.0"><lines><line number="37" hits="0" branch="true" condition-coverage="0% (0/2)"><conditions><condition number="0" type="jump" coverage="0%"/></conditions></line></lines></method><method name="No" signature="(bool)" line-rate="0.0" branch-rate="0.0" complexity="0.0"><lines><line number="38" hits="0" branch="true" condition-coverage="0% (0/2)"><conditions><condition number="0" type="jump" coverage="0%"/></conditions></line></lines></method><method name="YES" signature="(bool)" line-rate="0.0" branch-rate="0.0" complexity="0.0"><lines><line number="39" hits="0" branch="true" condition-coverage="0% (0/2)"><conditions><condition number="0" type="jump" coverage="0%"/></conditions></line></lines></method><method name="NO" signature="(bool)" line-rate="0.0" branch-rate="0.0" complexity="0.0"><lines><line number="40" hits="0" branch="true" condition-coverage="0% (0/2)"><conditions><condition number="0" type="jump" coverage="0%"/></conditions></line></lines></method><method name="yes" signature="(bool)" line-rate="0.0" branch-rate="0.0" complexity="0.0"><lines><line number="41" hits="0" branch="true" condition-coverage="0% (0/2)"><conditions><condition number="0" type="jump" coverage="0%"/></conditions></line></lines></method><method name="no" signature="(bool)" line-rate="0.0" branch-rate="0.0" complexity="0.0"><lines><line number="42" hits="0" branch="true" condition-coverage="0% (0/2)"><conditions><condition number="0" type="jump" coverage="0%"/></conditions></line></lines></method><method name="bool chmax&lt;long long, int&gt;" signature="(long long&amp;, int const&amp;)" line-rate="1.0" branch-rate="0.5" complexity="0.0"><lines><line number="43" hits="200" branch="true" condition-coverage="50% (1/2)"><conditions><condition number="0" type="jump" coverage="50%"/></conditions></line></lines></method></methods><lines><line number="37" hits="0" branch="true" condition-coverage="0% (0/2)"><conditions><condition number="0" type="jump" coverage="0%"/></conditions></line><line number="38" hits="0" branch="true" condition-coverage="0% (0/2)"><conditions><condition number="0" type="jump" coverage="0%"/></conditions></line><line number="39" hits="0" branch="true" condition-coverage="0% (0/2)"><conditions><condition number="0" type="jump" coverage="0%"/></conditions></line><line number="40" hits="0" branch="true" condition-coverage="0% (0/2)"><conditions><condition number="0" type="jump" coverage="0%"/></conditions></line><line number="41" hits="0" branch="true" condition-coverage="0% (0/2)"><conditions><condition number="0" type="jump" coverage="0%"/></conditions></line><line number="42" hits="0" branch="true" condition-coverage="0% (0/2)"><conditions><condition number="0" type="jump" coverage="0%"/></conditions></line><line number="43" hits="200" branch="true" condition-coverage="50% (1/2)"><conditions><condition number="0" type="jump" coverage="50%"/></conditions></line></lines></class><class name="type_alias_hpp" filename="template/type_alias.hpp" line-rate="1.0" branch-rate="1.0" complexity="0.0"><methods/><lines/></class></classes></package><package name="type_traits" line-rate="1.0" branch-rate="1.0" complexity="0.0"><classes><class name="algebra_hpp" filename="type_traits/algebra.hpp" line-rate="1.0" branch-rate="1.0" complexity="0.0"><methods/><lines/></class><class name="container_traits_hpp" filename="type_traits/container_traits.hpp" line-rate="1.0" branch-rate="1.0" complexity="0.0"><methods/><lines/></class><class name="fps_hpp" filename="type_traits/fps.hpp" line-rate="1.0" branch-rate="1.0" complexity="0.0"><methods/><lines/></class><class name="functional_hpp" filename="type_traits/functional.hpp" line-rate="1.0" branch-rate="1.0" complexity="0.0"><methods/><lines/></class><class name="graph_hpp" filename="type_traits/graph.hpp" line-rate="1.0" branch-rate="1.0" complexity="0.0"><methods/><lines/></class><class name="integral_hpp" filename="type_traits/integral.hpp" line-rate="1.0" branch-rate="1.0" complexity="0.0"><methods/><lines/></class><class name="io_hpp" filename="type_traits/io.hpp" line-rate="1.0" branch-rate="1.0" complexity="0.0"><methods/><lines/></class><class name="member_hpp" filename="type_traits/member.hpp" line-rate="1.0" branch-rate="1.0" complexity="0.0"><methods/><lines/></class><class name="operator_hpp" filename="type_traits/operator.hpp" line-rate="1.0" branch-rate="1.0" complexity="0.0"><methods/><lines/></class></classes></package><package name="unionfind" line-rate="1.0" branch-rate="0.8" complexity="0.0"><classes><class name="parallel_hpp" filename="unionfind/parallel.hpp" line-rate="1.0" branch-rate="1.0" complexity="0.0"><methods/><lines/></class><class name="partial_persistent_hpp" filename="unionfind/partial_persistent.hpp" line-rate="1.0" branch-rate="0.75" complexity="0.0"><methods><method name="kk2::PartialPersistentUnionFind::d_time::d_time" signature="(int, int)" line-rate="1.0" branch-rate="1.0" complexity="0.0"><lines><line number="17" hits="2043021" branch="false"/></lines></method><method name="kk2::PartialPersistentUnionFind::size_time::size_time" signature="(int, int)" line-rate="1.0" branch-rate="1.0" complexity="0.0"><lines><line number="24" hits="1879863" branch="false"/></lines></method><method name="kk2::PartialPersistentUnionFind::size_time::operator&lt;" signature="(kk2::PartialPersistentUnionFind::size_time const&amp;) const" line-rate="1.0" branch-rate="1.0" complexity="0.0"><lines><line number="26" hits="1331000" branch="false"/></lines></method><method name="kk2::PartialPersistentUnionFind::PartialPersistentUnionFind" signature="(int)" line-rate="1.0" branch-rate="0.625" complexity="0.0"><lines><line number="33" hits="200" branch="false"/><line number="34" hits="200" branch="false"/><line number="35" hits="400" branch="true" condition-coverage="50% (1/2)"><conditions><condition number="0" type="jump" coverage="50%"/></conditions></line><line number="36" hits="400" branch="true" condition-coverage="50% (1/2)"><conditions><condition number="0" type="jump" coverage="50%"/></conditions></line><line number="37" hits="1021813" branch="true" condition-coverage="100% (2/2)"><conditions><condition number="0" type="jump" coverage="100%"/></conditions></line><line number="38" hits="1021613" branch="false"/><line number="39" hits="1021613" branch="true" condition-coverage="50% (1/2)"><conditions><condition number="0" type="jump" coverage="50%"/></conditions></line><line number="41" hits="200" branch="false"/></lines></method><method name="kk2::PartialPersistentUnionFind::same" signature="(int, int, int)" line-rate="1.0" branch-rate="1.0" complexity="0.0"><lines><line number="43" hits="200000" branch="false"/></lines></method><method name="kk2::PartialPersistentUnionFind::unite" signature="(int, int, int)" line-rate="1.0" branch-rate="0.875" complexity="0.0"><lines><line number="45" hits="10097828" branch="false"/><line number="46" hits="10097828" branch="true" condition-coverage="50% (1/2)"><conditions><condition number="0" type="jump" coverage="50%"/></conditions></line><line number="47" hits="10097828" branch="false"/><line number="48" hits="10097828" branch="false"/><line number="49" hits="10097828" branch="true" condition-coverage="100% (2/2)"><conditions><condition number="0" type="jump" coverage="100%"/></conditions></line><line number="50" hits="1021408" branch="true" condition-coverage="100% (2/2)"><conditions><condition number="0" type="jump" coverage="100%"/></conditions></line><line number="51" hits="1021408" branch="false"/><line number="52" hits="1021408" branch="false"/><line number="53" hits="1021408" branch="true" condition-coverage="100% (2/2)"><conditions><condition number="0" type="jump" coverage="100%"/></conditions></line><line number="54" hits="658250" branch="false"/><line number="55" hits="1021408" branch="false"/><line number="56" hits="1021408" branch="false"/></lines></method><method name="kk2::PartialPersistentUnionFind::find" signature="(int, int)" line-rate="1.0" branch-rate="1.0" complexity="0.0"><lines><line number="59" hits="20795656" branch="false"/><line number="60" hits="58849939" branch="true" condition-coverage="100% (2/2)"><conditions><condition number="0" type="jump" coverage="100%"/></conditions></line><line number="61" hits="20795656" branch="false"/></lines></method><method name="kk2::PartialPersistentUnionFind::size" signature="(int, int)" line-rate="1.0" branch-rate="0.5" complexity="0.0"><lines><line number="64" hits="200000" branch="false"/><line number="65" hits="200000" branch="false"/><line number="66" hits="200000" branch="true" condition-coverage="50% (1/2)"><conditions><condition number="0" type="jump" coverage="50%"/></conditions></line><line number="67" hits="200000" branch="false"/></lines></method></methods><lines><line number="17" hits="2043021" branch="false"/><line number="24" hits="1879863" branch="false"/><line number="26" hits="1331000" branch="false"/><line number="33" hits="200" branch="false"/><line number="34" hits="200" branch="false"/><line number="35" hits="400" branch="true" condition-coverage="50% (1/2)"><conditions><condition number="0" type="jump" coverage="50%"/></conditions></line><line number="36" hits="400" branch="true" condition-coverage="50% (1/2)"><conditions><condition number="0" type="jump" coverage="50%"/></conditions></line><line number="37" hits="1021813" branch="true" condition-coverage="100% (2/2)"><conditions><condition number="0" type="jump" coverage="100%"/></conditions></line><line number="38" hits="1021613" branch="false"/><line number="39" hits="1021613" branch="true" condition-coverage="50% (1/2)"><conditions><condition number="0" type="jump" coverage="50%"/></conditions></line><line number="41" hits="200" branch="false"/><line number="43" hits="200000" branch="false"/><line number="45" hits="10097828" branch="false"/><line number="46" hits="10097828" branch="true" condition-coverage="50% (1/2)"><conditions><condition number="0" type="jump" coverage="50%"/></conditions></line><line number="47" hits="10097828" branch="false"/><line number="48" hits="10097828" branch="false"/><line number="49" hits="10097828" branch="true" condition-coverage="100% (2/2)"><conditions><condition number="0" type="jump" coverage="100%"/></conditions></line><line number="50" hits="1021408" branch="true" condition-coverage="100% (2/2)"><conditions><condition number="0" type="jump" coverage="100%"/></conditions></line><line number="51" hits="1021408" branch="false"/><line number="52" hits="1021408" branch="false"/><line number="53" hits="1021408" branch="true" condition-coverage="100% (2/2)"><conditions><condition number="0" type="jump" coverage="100%"/></conditions></line><line number="54" hits="658250" branch="false"/><line number="55" hits="1021408" branch="false"/><line number="56" hits="1021408" branch="false"/><line number="59" hits="20795656" branch="false"/><line number="60" hits="58849939" branch="true" condition-coverage="100% (2/2)"><conditions><condition number="0" type="jump" coverage="100%"/></conditions></line><line number="61" hits="20795656" branch="false"/><line number="64" hits="200000" branch="false"/><line number="65" hits="200000" branch="false"/><line number="66" hits="200000" branch="true" condition-coverage="50% (1/2)"><conditions><condition number="0" type="jump" coverage="50%"/></conditions></line><line number="67" hits="200000" branch="false"/></lines></class><class name="potentialized_hpp" filename="unionfind/potentialized.hpp" line-rate="1.0" branch-rate="1.0" complexity="0.0"><methods/><lines/></class><class name="rollback_hpp" filename="unionfind/rollback.hpp" line-rate="1.0" branch-rate="0.8333333333333334" complexity="0.0"><methods><method name="kk2::RollbackableUnionFind::RollbackableUnionFind" signature="(int)" line-rate="1.0" branch-rate="0.5" complexity="0.0"><lines><line number="14" hits="400" branch="true" condition-coverage="50% (1/2)"><conditions><condition number="0" type="jump" coverage="50%"/></conditions></line></lines></method><method name="kk2::RollbackableUnionFind::same" signature="(int, int)" line-rate="1.0" branch-rate="1.0" complexity="0.0"><lines><line number="16" hits="50255" branch="false"/></lines></method><method name="kk2::RollbackableUnionFind::unite" signature="(int, int)" line-rate="1.0" branch-rate="1.0" complexity="0.0"><lines><line number="18" hits="362734" branch="false"/><line number="19" hits="362734" branch="false"/><line number="20" hits="362734" branch="true" condition-coverage="100% (2/2)"><conditions><condition number="0" type="jump" coverage="100%"/></conditions></line><line number="21" hits="362418" branch="true" condition-coverage="100% (2/2)"><conditions><condition number="0" type="jump" coverage="100%"/></conditions></line><line number="22" hits="362418" branch="false"/><line number="23" hits="362418" branch="false"/><line number="24" hits="362418" branch="false"/><line number="25" hits="362418" branch="false"/><line number="26" hits="362418" branch="false"/></lines></method><method name="kk2::RollbackableUnionFind::find" signature="(int)" line-rate="1.0" branch-rate="1.0" complexity="0.0"><lines><line number="29" hits="886923" branch="false"/><line number="30" hits="886923" branch="true" condition-coverage="100% (2/2)"><conditions><condition number="0" type="jump" coverage="100%"/></conditions></line><line number="31" hits="10872" branch="false"/></lines></method><method name="kk2::RollbackableUnionFind::size" signature="(int)" line-rate="1.0" branch-rate="1.0" complexity="0.0"><lines><line number="34" hits="50073" branch="false"/></lines></method><method name="kk2::RollbackableUnionFind::snapshot" signature="()" line-rate="1.0" branch-rate="0.5" complexity="0.0"><lines><line number="36" hits="3476600" branch="true" condition-coverage="50% (1/2)"><conditions><condition number="0" type="jump" coverage="50%"/></conditions></line></lines></method><method name="kk2::RollbackableUnionFind::rollback" signature="()" line-rate="1.0" branch-rate="1.0" complexity="0.0"><lines><line number="38" hits="3476600" branch="false"/><line number="39" hits="4201436" branch="true" condition-coverage="100% (2/2)"><conditions><condition number="0" type="jump" coverage="100%"/></conditions></line><line number="40" hits="724836" branch="false"/><line number="41" hits="724836" branch="false"/><line number="42" hits="724836" branch="false"/><line number="44" hits="3476600" branch="false"/><line number="45" hits="3476600" branch="false"/></lines></method></methods><lines><line number="14" hits="400" branch="true" condition-coverage="50% (1/2)"><conditions><condition number="0" type="jump" coverage="50%"/></conditions></line><line number="16" hits="50255" branch="false"/><line number="18" hits="362734" branch="false"/><line number="19" hits="362734" branch="false"/><line number="20" hits="362734" branch="true" condition-coverage="100% (2/2)"><conditions><condition number="0" type="jump" coverage="100%"/></conditions></line><line number="21" hits="362418" branch="true" condition-coverage="100% (2/2)"><conditions><condition number="0" type="jump" coverage="100%"/></conditions></line><line number="22" hits="362418" branch="false"/><line number="23" hits="362418" branch="false"/><line number="24" hits="362418" branch="false"/><line number="25" hits="362418" branch="false"/><line number="26" hits="362418" branch="false"/><line number="29" hits="886923" branch="false"/><line number="30" hits="886923" branch="true" condition-coverage="100% (2/2)"><conditions><condition number="0" type="jump" coverage="100%"/></conditions></line><line number="31" hits="10872" branch="false"/><line number="34" hits="50073" branch="false"/><line number="36" hits="3476600" branch="true" condition-coverage="50% (1/2)"><conditions><condition number="0" type="jump" coverage="50%"/></conditions></line><line number="38" hits="3476600" branch="false"/><line number="39" hits="4201436" branch="true" condition-coverage="100% (2/2)"><conditions><condition number="0" type="jump" coverage="100%"/></conditions></line><line number="40" hits="724836" branch="false"/><line number="41" hits="724836" branch="false"/><line number="42" hits="724836" branch="false"/><line number="44" hits="3476600" branch="false"/><line number="45" hits="3476600" branch="false"/></lines></class><class name="unionfind_hpp" filename="unionfind/unionfind.hpp" line-rate="1.0" branch-rate="0.875" complexity="0.0"><methods><method name="kk2::UnionFind::UnionFind" signature="(int)" line-rate="1.0" branch-rate="0.5" complexity="0.0"><lines><line number="12" hits="201056" branch="true" condition-coverage="50% (1/2)"><conditions><condition number="0" type="jump" coverage="50%"/></conditions></line></lines></method><method name="kk2::UnionFind::same" signature="(int, int)" line-rate="1.0" branch-rate="1.0" complexity="0.0"><lines><line number="14" hits="250255" branch="false"/></lines></method><method name="kk2::UnionFind::unite" signature="(int, int)" line-rate="1.0" branch-rate="1.0" complexity="0.0"><lines><line number="16" hits="18352184" branch="false"/><line number="17" hits="18352184" branch="false"/><line number="18" hits="18352184" branch="true" condition-coverage="100% (2/2)"><conditions><condition number="0" type="jump" coverage="100%"/></conditions></line><line number="19" hits="9267968" branch="true" condition-coverage="100% (2/2)"><conditions><condition number="0" type="jump" coverage="100%"/></conditions></line><line number="20" hits="9267968" branch="false"/><line number="21" hits="9267968" branch="false"/><line number="22" hits="9267968" branch="false"/></lines></method><method name="kk2::UnionFind::find" signature="(int)" line-rate="1.0" branch-rate="1.0" complexity="0.0"><lines><line number="35" hits="57877997" branch="false"/><line number="36" hits="57877997" branch="true" condition-coverage="100% (2/2)"><conditions><condition number="0" type="jump" coverage="100%"/></conditions></line><line number="37" hits="20423046" branch="false"/></lines></method><method name="kk2::UnionFind::size" signature="(int)" line-rate="1.0" branch-rate="1.0" complexity="0.0"><lines><line number="40" hits="250073" branch="false"/></lines></method></methods><lines><line number="12" hits="201056" branch="true" condition-coverage="50% (1/2)"><conditions><condition number="0" type="jump" coverage="50%"/></conditions></line><line number="14" hits="250255" branch="false"/><line number="16" hits="18352184" branch="false"/><line number="17" hits="18352184" branch="false"/><line number="18" hits="18352184" branch="true" condition-coverage="100% (2/2)"><conditions><condition number="0" type="jump" coverage="100%"/></conditions></line><line number="19" hits="9267968" branch="true" condition-coverage="100% (2/2)"><conditions><condition number="0" type="jump" coverage="100%"/></conditions></line><line number="20" hits="9267968" branch="false"/><line number="21" hits="9267968" branch="false"/><line number="22" hits="9267968" branch="false"/><line number="35" hits="57877997" branch="false"/><line number="36" hits="57877997" branch="true" condition-coverage="100% (2/2)"><conditions><condition number="0" type="jump" coverage="100%"/></conditions></line><line number="37" hits="20423046" branch="false"/><line number="40" hits="250073" branch="false"/></lines></class></classes></package></packages></coverage>